[2020-11-20 15:36:30.774] [exthost] [info] extension host started
[2020-11-20 15:36:30.832] [exthost] [info] ExtensionService#_doActivateExtension vscode.microsoft-authentication {"startup":false,"extensionId":{"value":"vscode.microsoft-authentication","_lower":"vscode.microsoft-authentication"},"activationEvent":"onAuthenticationRequest:microsoft"}
[2020-11-20 15:36:30.833] [exthost] [info] ExtensionService#loadCommonJSModule file:///usr/share/code/resources/app/extensions/microsoft-authentication/dist/extension.js
[2020-11-20 15:36:30.845] [exthost] [info] ExtensionService#_doActivateExtension ms-vscode.js-debug {"startup":false,"extensionId":{"value":"ms-vscode.js-debug","_lower":"ms-vscode.js-debug"},"activationEvent":"onDebugDynamicConfigurations"}
[2020-11-20 15:36:30.846] [exthost] [info] ExtensionService#loadCommonJSModule file:///usr/share/code/resources/app/extensions/ms-vscode.js-debug/src/extension.js
[2020-11-20 15:36:31.052] [exthost] [info] ExtensionService#_doActivateExtension vscode.debug-auto-launch {"startup":true,"extensionId":{"value":"vscode.debug-auto-launch","_lower":"vscode.debug-auto-launch"},"activationEvent":"*"}
[2020-11-20 15:36:31.052] [exthost] [info] ExtensionService#loadCommonJSModule file:///usr/share/code/resources/app/extensions/debug-auto-launch/dist/extension
[2020-11-20 15:36:31.055] [exthost] [info] ExtensionService#_doActivateExtension vscode.emmet {"startup":true,"extensionId":{"value":"vscode.emmet","_lower":"vscode.emmet"},"activationEvent":"*"}
[2020-11-20 15:36:31.055] [exthost] [info] ExtensionService#loadCommonJSModule file:///usr/share/code/resources/app/extensions/emmet/dist/node/emmetNodeMain
[2020-11-20 15:36:31.071] [exthost] [info] ExtensionService#_doActivateExtension vscode.git {"startup":true,"extensionId":{"value":"vscode.github","_lower":"vscode.github"},"activationEvent":"*"}
[2020-11-20 15:36:31.071] [exthost] [info] ExtensionService#loadCommonJSModule file:///usr/share/code/resources/app/extensions/git/dist/main
[2020-11-20 15:36:31.105] [exthost] [info] ExtensionService#_doActivateExtension vscode.merge-conflict {"startup":true,"extensionId":{"value":"vscode.merge-conflict","_lower":"vscode.merge-conflict"},"activationEvent":"*"}
[2020-11-20 15:36:31.105] [exthost] [info] ExtensionService#loadCommonJSModule file:///usr/share/code/resources/app/extensions/merge-conflict/dist/mergeConflictMain
[2020-11-20 15:36:31.109] [exthost] [info] ExtensionService#_doActivateExtension vscode.search-result {"startup":true,"extensionId":{"value":"vscode.search-result","_lower":"vscode.search-result"},"activationEvent":"*"}
[2020-11-20 15:36:31.109] [exthost] [info] ExtensionService#loadCommonJSModule file:///usr/share/code/resources/app/extensions/search-result/dist/extension.js
[2020-11-20 15:36:31.110] [exthost] [info] ExtensionService#_doActivateExtension CoenraadS.bracket-pair-colorizer-2 {"startup":true,"extensionId":{"value":"CoenraadS.bracket-pair-colorizer-2","_lower":"coenraads.bracket-pair-colorizer-2"},"activationEvent":"*"}
[2020-11-20 15:36:31.110] [exthost] [info] ExtensionService#loadCommonJSModule file:///home/eduardo/.vscode/extensions/coenraads.bracket-pair-colorizer-2-0.2.0/out/src/extension
[2020-11-20 15:36:31.122] [exthost] [info] ExtensionService#_doActivateExtension eamodio.gitlens {"startup":true,"extensionId":{"value":"eamodio.gitlens","_lower":"eamodio.gitlens"},"activationEvent":"*"}
[2020-11-20 15:36:31.122] [exthost] [info] ExtensionService#loadCommonJSModule file:///home/eduardo/.vscode/extensions/eamodio.gitlens-10.2.3/dist/extension
[2020-11-20 15:36:31.168] [exthost] [info] ExtensionService#_doActivateExtension Gruntfuggly.todo-tree {"startup":true,"extensionId":{"value":"Gruntfuggly.todo-tree","_lower":"gruntfuggly.todo-tree"},"activationEvent":"*"}
[2020-11-20 15:36:31.168] [exthost] [info] ExtensionService#loadCommonJSModule file:///home/eduardo/.vscode/extensions/gruntfuggly.todo-tree-0.0.188/dist/extension
[2020-11-20 15:36:31.190] [exthost] [info] ExtensionService#_doActivateExtension vscode-icons-team.vscode-icons {"startup":true,"extensionId":{"value":"vscode-icons-team.vscode-icons","_lower":"vscode-icons-team.vscode-icons"},"activationEvent":"*"}
[2020-11-20 15:36:31.190] [exthost] [info] ExtensionService#loadCommonJSModule file:///home/eduardo/.vscode/extensions/vscode-icons-team.vscode-icons-11.0.0/dist/src/vscode-icons.bundle.js
[2020-11-20 15:36:31.449] [exthost] [info] ExtensionService#_doActivateExtension vscode.configuration-editing {"startup":false,"extensionId":{"value":"vscode.configuration-editing","_lower":"vscode.configuration-editing"},"activationEvent":"onLanguage:jsonc"}
[2020-11-20 15:36:31.449] [exthost] [info] ExtensionService#loadCommonJSModule file:///usr/share/code/resources/app/extensions/configuration-editing/dist/configurationEditingMain
[2020-11-20 15:36:31.540] [exthost] [info] ExtensionService#_doActivateExtension vscode.json-language-features {"startup":false,"extensionId":{"value":"vscode.json-language-features","_lower":"vscode.json-language-features"},"activationEvent":"onLanguage:jsonc"}
[2020-11-20 15:36:31.540] [exthost] [info] ExtensionService#loadCommonJSModule file:///usr/share/code/resources/app/extensions/json-language-features/client/dist/node/jsonClientMain
[2020-11-20 15:36:31.749] [exthost] [info] ExtensionService#_doActivateExtension vscode.typescript-language-features {"startup":false,"extensionId":{"value":"vscode.typescript-language-features","_lower":"vscode.typescript-language-features"},"activationEvent":"onLanguage:jsonc"}
[2020-11-20 15:36:31.749] [exthost] [info] ExtensionService#loadCommonJSModule file:///usr/share/code/resources/app/extensions/typescript-language-features/dist/extension
[2020-11-20 15:36:31.970] [exthost] [info] ExtensionService#_doActivateExtension vscode.github-authentication {"startup":false,"extensionId":{"value":"vscode.github-authentication","_lower":"vscode.github-authentication"},"activationEvent":"onAuthenticationRequest:github"}
[2020-11-20 15:36:31.970] [exthost] [info] ExtensionService#loadCommonJSModule file:///usr/share/code/resources/app/extensions/github-authentication/dist/extension.js
[2020-11-20 15:36:32.138] [exthost] [info] ExtensionService#_doActivateExtension vscode.html-language-features {"startup":false,"extensionId":{"value":"vscode.html-language-features","_lower":"vscode.html-language-features"},"activationEvent":"onLanguage:html"}
[2020-11-20 15:36:32.138] [exthost] [info] ExtensionService#loadCommonJSModule file:///usr/share/code/resources/app/extensions/html-language-features/client/dist/node/htmlClientMain
[2020-11-20 15:36:39.854] [exthost] [info] ExtensionService#_doActivateExtension vscode.github {"startup":true,"extensionId":{"value":"vscode.github","_lower":"vscode.github"},"activationEvent":"*"}
[2020-11-20 15:36:39.854] [exthost] [info] ExtensionService#loadCommonJSModule file:///usr/share/code/resources/app/extensions/github/dist/extension.js
[2020-11-20 15:36:39.889] [exthost] [info] eager extensions activated
[2020-11-20 15:36:39.890] [exthost] [info] ExtensionService#_doActivateExtension dbaeumer.vscode-eslint {"startup":false,"extensionId":{"value":"dbaeumer.vscode-eslint","_lower":"dbaeumer.vscode-eslint"},"activationEvent":"onStartupFinished"}
[2020-11-20 15:36:39.890] [exthost] [info] ExtensionService#loadCommonJSModule file:///home/eduardo/.vscode/extensions/dbaeumer.vscode-eslint-2.1.13/client/out/extension
[2020-11-20 15:36:55.365] [exthost] [info] extension host started
[2020-11-20 15:36:55.494] [exthost] [info] ExtensionService#_doActivateExtension vscode.microsoft-authentication {"startup":false,"extensionId":{"value":"vscode.microsoft-authentication","_lower":"vscode.microsoft-authentication"},"activationEvent":"onAuthenticationRequest:microsoft"}
[2020-11-20 15:36:55.494] [exthost] [info] ExtensionService#loadCommonJSModule file:///usr/share/code/resources/app/extensions/microsoft-authentication/dist/extension.js
[2020-11-20 15:36:55.502] [exthost] [info] ExtensionService#_doActivateExtension ms-vscode.js-debug {"startup":false,"extensionId":{"value":"ms-vscode.js-debug","_lower":"ms-vscode.js-debug"},"activationEvent":"onDebugDynamicConfigurations"}
[2020-11-20 15:36:55.502] [exthost] [info] ExtensionService#loadCommonJSModule file:///usr/share/code/resources/app/extensions/ms-vscode.js-debug/src/extension.js
[2020-11-20 15:36:55.590] [exthost] [info] ExtensionService#_doActivateExtension vscode.debug-auto-launch {"startup":true,"extensionId":{"value":"vscode.debug-auto-launch","_lower":"vscode.debug-auto-launch"},"activationEvent":"*"}
[2020-11-20 15:36:55.590] [exthost] [info] ExtensionService#loadCommonJSModule file:///usr/share/code/resources/app/extensions/debug-auto-launch/dist/extension
[2020-11-20 15:36:55.591] [exthost] [info] ExtensionService#_doActivateExtension vscode.emmet {"startup":true,"extensionId":{"value":"vscode.emmet","_lower":"vscode.emmet"},"activationEvent":"*"}
[2020-11-20 15:36:55.591] [exthost] [info] ExtensionService#loadCommonJSModule file:///usr/share/code/resources/app/extensions/emmet/dist/node/emmetNodeMain
[2020-11-20 15:36:55.598] [exthost] [info] ExtensionService#_doActivateExtension vscode.git {"startup":true,"extensionId":{"value":"vscode.github","_lower":"vscode.github"},"activationEvent":"*"}
[2020-11-20 15:36:55.599] [exthost] [info] ExtensionService#loadCommonJSModule file:///usr/share/code/resources/app/extensions/git/dist/main
[2020-11-20 15:36:55.612] [exthost] [info] ExtensionService#_doActivateExtension vscode.merge-conflict {"startup":true,"extensionId":{"value":"vscode.merge-conflict","_lower":"vscode.merge-conflict"},"activationEvent":"*"}
[2020-11-20 15:36:55.612] [exthost] [info] ExtensionService#loadCommonJSModule file:///usr/share/code/resources/app/extensions/merge-conflict/dist/mergeConflictMain
[2020-11-20 15:36:55.613] [exthost] [info] ExtensionService#_doActivateExtension vscode.search-result {"startup":true,"extensionId":{"value":"vscode.search-result","_lower":"vscode.search-result"},"activationEvent":"*"}
[2020-11-20 15:36:55.613] [exthost] [info] ExtensionService#loadCommonJSModule file:///usr/share/code/resources/app/extensions/search-result/dist/extension.js
[2020-11-20 15:36:55.614] [exthost] [info] ExtensionService#_doActivateExtension CoenraadS.bracket-pair-colorizer-2 {"startup":true,"extensionId":{"value":"CoenraadS.bracket-pair-colorizer-2","_lower":"coenraads.bracket-pair-colorizer-2"},"activationEvent":"*"}
[2020-11-20 15:36:55.614] [exthost] [info] ExtensionService#loadCommonJSModule file:///home/eduardo/.vscode/extensions/coenraads.bracket-pair-colorizer-2-0.2.0/out/src/extension
[2020-11-20 15:36:55.623] [exthost] [info] ExtensionService#_doActivateExtension eamodio.gitlens {"startup":true,"extensionId":{"value":"eamodio.gitlens","_lower":"eamodio.gitlens"},"activationEvent":"*"}
[2020-11-20 15:36:55.623] [exthost] [info] ExtensionService#loadCommonJSModule file:///home/eduardo/.vscode/extensions/eamodio.gitlens-10.2.3/dist/extension
[2020-11-20 15:36:55.672] [exthost] [info] ExtensionService#_doActivateExtension Gruntfuggly.todo-tree {"startup":true,"extensionId":{"value":"Gruntfuggly.todo-tree","_lower":"gruntfuggly.todo-tree"},"activationEvent":"*"}
[2020-11-20 15:36:55.672] [exthost] [info] ExtensionService#loadCommonJSModule file:///home/eduardo/.vscode/extensions/gruntfuggly.todo-tree-0.0.188/dist/extension
[2020-11-20 15:36:55.682] [exthost] [info] ExtensionService#_doActivateExtension vscode-icons-team.vscode-icons {"startup":true,"extensionId":{"value":"vscode-icons-team.vscode-icons","_lower":"vscode-icons-team.vscode-icons"},"activationEvent":"*"}
[2020-11-20 15:36:55.682] [exthost] [info] ExtensionService#loadCommonJSModule file:///home/eduardo/.vscode/extensions/vscode-icons-team.vscode-icons-11.0.0/dist/src/vscode-icons.bundle.js
[2020-11-20 15:36:55.697] [exthost] [info] ExtensionService#_doActivateExtension vscode.npm {"startup":true,"extensionId":{"value":"vscode.npm","_lower":"vscode.npm"},"activationEvent":"workspaceContains:package.json"}
[2020-11-20 15:36:55.697] [exthost] [info] ExtensionService#loadCommonJSModule file:///usr/share/code/resources/app/extensions/npm/dist/npmMain
[2020-11-20 15:36:56.129] [exthost] [info] ExtensionService#_doActivateExtension vscode.github-authentication {"startup":false,"extensionId":{"value":"vscode.github-authentication","_lower":"vscode.github-authentication"},"activationEvent":"onAuthenticationRequest:github"}
[2020-11-20 15:36:56.129] [exthost] [info] ExtensionService#loadCommonJSModule file:///usr/share/code/resources/app/extensions/github-authentication/dist/extension.js
[2020-11-20 15:36:57.137] [exthost] [info] ExtensionService#_doActivateExtension vscode.github {"startup":true,"extensionId":{"value":"vscode.github","_lower":"vscode.github"},"activationEvent":"*"}
[2020-11-20 15:36:57.137] [exthost] [info] ExtensionService#loadCommonJSModule file:///usr/share/code/resources/app/extensions/github/dist/extension.js
[2020-11-20 15:36:57.141] [exthost] [info] eager extensions activated
[2020-11-20 15:36:57.141] [exthost] [info] ExtensionService#_doActivateExtension dbaeumer.vscode-eslint {"startup":false,"extensionId":{"value":"dbaeumer.vscode-eslint","_lower":"dbaeumer.vscode-eslint"},"activationEvent":"onStartupFinished"}
[2020-11-20 15:36:57.141] [exthost] [info] ExtensionService#loadCommonJSModule file:///home/eduardo/.vscode/extensions/dbaeumer.vscode-eslint-2.1.13/client/out/extension
[2020-11-20 15:37:46.881] [exthost] [info] ExtensionService#_doActivateExtension vscode.php-language-features {"startup":false,"extensionId":{"value":"vscode.php-language-features","_lower":"vscode.php-language-features"},"activationEvent":"onLanguage:php"}
[2020-11-20 15:37:46.881] [exthost] [info] ExtensionService#loadCommonJSModule file:///usr/share/code/resources/app/extensions/php-language-features/dist/phpMain
[2020-11-20 15:38:12.747] [exthost] [info] ExtensionService#_doActivateExtension onecentlin.laravel-blade {"startup":false,"extensionId":{"value":"onecentlin.laravel-blade","_lower":"onecentlin.laravel-blade"},"activationEvent":"onLanguage:blade"}
[2020-11-20 15:38:12.747] [exthost] [info] ExtensionService#loadCommonJSModule file:///home/eduardo/.vscode/extensions/onecentlin.laravel-blade-1.25.0/out/extension
[2020-11-20 15:38:12.773] [exthost] [info] ExtensionService#_doActivateExtension shufo.vscode-blade-formatter {"startup":false,"extensionId":{"value":"shufo.vscode-blade-formatter","_lower":"shufo.vscode-blade-formatter"},"activationEvent":"onLanguage:blade"}
[2020-11-20 15:38:12.773] [exthost] [info] ExtensionService#loadCommonJSModule file:///home/eduardo/.vscode/extensions/shufo.vscode-blade-formatter-0.6.1/extension.js
[2020-11-20 16:20:52.797] [exthost] [info] ExtensionService#_doActivateExtension vscode.typescript-language-features {"startup":false,"extensionId":{"value":"vscode.typescript-language-features","_lower":"vscode.typescript-language-features"},"activationEvent":"onLanguage:javascript"}
[2020-11-20 16:20:52.797] [exthost] [info] ExtensionService#loadCommonJSModule file:///usr/share/code/resources/app/extensions/typescript-language-features/dist/extension
[2020-11-20 16:20:53.416] [exthost] [warning] TextEditor is closed/disposed
[2020-11-20 16:20:53.654] [exthost] [info] ExtensionService#_doActivateExtension vscode.configuration-editing {"startup":false,"extensionId":{"value":"vscode.configuration-editing","_lower":"vscode.configuration-editing"},"activationEvent":"onLanguage:json"}
[2020-11-20 16:20:53.654] [exthost] [info] ExtensionService#loadCommonJSModule file:///usr/share/code/resources/app/extensions/configuration-editing/dist/configurationEditingMain
[2020-11-20 16:20:53.656] [exthost] [info] ExtensionService#_doActivateExtension vscode.extension-editing {"startup":false,"extensionId":{"value":"vscode.extension-editing","_lower":"vscode.extension-editing"},"activationEvent":"onLanguage:json"}
[2020-11-20 16:20:53.656] [exthost] [info] ExtensionService#loadCommonJSModule file:///usr/share/code/resources/app/extensions/extension-editing/dist/extensionEditingMain
[2020-11-20 16:20:53.709] [exthost] [info] ExtensionService#_doActivateExtension vscode.json-language-features {"startup":false,"extensionId":{"value":"vscode.json-language-features","_lower":"vscode.json-language-features"},"activationEvent":"onLanguage:json"}
[2020-11-20 16:20:53.709] [exthost] [info] ExtensionService#loadCommonJSModule file:///usr/share/code/resources/app/extensions/json-language-features/client/dist/node/jsonClientMain
[2020-11-20 16:20:54.082] [exthost] [warning] TextEditor is closed/disposed
