Looking for git in: git
Using git 2.17.1 from git
> git rev-parse --git-dir
Open repository: /var/www/aviacao
> git status -z -u
> git symbolic-ref --short HEAD
> git check-ignore -v -z --stdin
> git rev-parse master
> git rev-parse --symbolic-full-name master@{u}
> git rev-list --left-right master...refs/remotes/origin/master
> git for-each-ref --sort -committerdate --format %(refname) %(objectname)
> git remote --verbose
> git config --get commit.template
> git show --textconv :database/migrations/2014_10_12_000000_create_users_table.php
> git ls-files --stage -- /var/www/aviacao/database/migrations/2014_10_12_000000_create_users_table.php
> git cat-file -s 7e0c95c2f0c6751a573fce32913def6cdefbbfba
> git show --textconv :app/Http/Controllers/Publico/AcessoController.php
> git ls-files --stage -- /var/www/aviacao/app/Http/Controllers/Publico/AcessoController.php
> git cat-file -s cc278698cc5b2aea74cba88c1e979e73fea63329
> git check-ignore -v -z --stdin
> git status -z -u
> git symbolic-ref --short HEAD
> git rev-parse master
> git rev-parse --symbolic-full-name master@{u}
> git rev-list --left-right master...refs/remotes/origin/master
> git for-each-ref --sort -committerdate --format %(refname) %(objectname)
> git remote --verbose
> git config --get commit.template
> git check-ignore -v -z --stdin
> git show --textconv :resources/views/publico/acesso/cadastrausuario.blade.php
> git ls-files --stage -- /var/www/aviacao/resources/views/publico/acesso/cadastrausuario.blade.php
> git show --textconv :app/Http/Controllers/Publico/AcessoController.php
> git ls-files --stage -- /var/www/aviacao/app/Http/Controllers/Publico/AcessoController.php
> git cat-file -s cc278698cc5b2aea74cba88c1e979e73fea63329
> git status -z -u
> git symbolic-ref --short HEAD
> git rev-parse master
> git rev-parse --symbolic-full-name master@{u}
> git rev-list --left-right master...refs/remotes/origin/master
> git for-each-ref --sort -committerdate --format %(refname) %(objectname)
> git remote --verbose
> git config --get commit.template
> git show --textconv :resources/views/publico/acesso/cadastrausuario.blade.php
> git ls-files --stage -- /var/www/aviacao/resources/views/publico/acesso/cadastrausuario.blade.php
> git show --textconv :app/Http/Controllers/Publico/AcessoController.php
> git ls-files --stage -- /var/www/aviacao/app/Http/Controllers/Publico/AcessoController.php
> git cat-file -s cc278698cc5b2aea74cba88c1e979e73fea63329
> git show --textconv :resources/views/publico/acesso/cadastrausuario.blade.php
> git ls-files --stage -- /var/www/aviacao/resources/views/publico/acesso/cadastrausuario.blade.php
> git status -z -u
> git symbolic-ref --short HEAD
> git rev-parse master
> git rev-parse --symbolic-full-name master@{u}
> git rev-list --left-right master...refs/remotes/origin/master
> git for-each-ref --sort -committerdate --format %(refname) %(objectname)
> git remote --verbose
> git config --get commit.template
> git show --textconv :routes/web.php
> git ls-files --stage -- /var/www/aviacao/routes/web.php
> git cat-file -s 951ad56936df09ebd56dc3c0923278feb33aaf91
> git check-ignore -v -z --stdin
> git status -z -u
> git symbolic-ref --short HEAD
> git rev-parse master
> git rev-parse --symbolic-full-name master@{u}
> git rev-list --left-right master...refs/remotes/origin/master
> git for-each-ref --sort -committerdate --format %(refname) %(objectname)
> git remote --verbose
> git config --get commit.template
> git status -z -u
> git symbolic-ref --short HEAD
> git rev-parse master
> git rev-parse --symbolic-full-name master@{u}
> git rev-list --left-right master...refs/remotes/origin/master
> git for-each-ref --sort -committerdate --format %(refname) %(objectname)
> git remote --verbose
> git config --get commit.template
> git status -z -u
> git symbolic-ref --short HEAD
> git rev-parse master
> git rev-parse --symbolic-full-name master@{u}
> git rev-list --left-right master...refs/remotes/origin/master
> git for-each-ref --sort -committerdate --format %(refname) %(objectname)
> git remote --verbose
> git config --get commit.template
> git show --textconv :resources/views/publico/acesso/cadastrausuario.blade.php
> git ls-files --stage -- /var/www/aviacao/resources/views/publico/acesso/cadastrausuario.blade.php
> git status -z -u
> git symbolic-ref --short HEAD
> git rev-parse master
> git rev-parse --symbolic-full-name master@{u}
> git rev-list --left-right master...refs/remotes/origin/master
> git for-each-ref --sort -committerdate --format %(refname) %(objectname)
> git remote --verbose
> git config --get commit.template
> git status -z -u
> git symbolic-ref --short HEAD
> git rev-parse master
> git rev-parse --symbolic-full-name master@{u}
> git rev-list --left-right master...refs/remotes/origin/master
> git for-each-ref --sort -committerdate --format %(refname) %(objectname)
> git remote --verbose
> git config --get commit.template
> git show --textconv :app/Http/Controllers/Publico/AcessoController.php
> git ls-files --stage -- /var/www/aviacao/app/Http/Controllers/Publico/AcessoController.php
> git cat-file -s cc278698cc5b2aea74cba88c1e979e73fea63329
> git show --textconv :resources/views/publico/acesso/cadastrausuario.blade.php
> git ls-files --stage -- /var/www/aviacao/resources/views/publico/acesso/cadastrausuario.blade.php
> git show --textconv :app/Http/Controllers/Publico/AcessoController.php
> git ls-files --stage -- /var/www/aviacao/app/Http/Controllers/Publico/AcessoController.php
> git cat-file -s cc278698cc5b2aea74cba88c1e979e73fea63329
> git show --textconv :resources/views/publico/acesso/cadastrausuario.blade.php
> git ls-files --stage -- /var/www/aviacao/resources/views/publico/acesso/cadastrausuario.blade.php
> git status -z -u
> git symbolic-ref --short HEAD
> git rev-parse master
> git rev-parse --symbolic-full-name master@{u}
> git rev-list --left-right master...refs/remotes/origin/master
> git for-each-ref --sort -committerdate --format %(refname) %(objectname)
> git remote --verbose
> git config --get commit.template
> git show --textconv :app/Http/Controllers/Publico/AcessoController.php
> git ls-files --stage -- /var/www/aviacao/app/Http/Controllers/Publico/AcessoController.php
> git cat-file -s cc278698cc5b2aea74cba88c1e979e73fea63329
> git status -z -u
> git symbolic-ref --short HEAD
> git rev-parse master
> git rev-parse --symbolic-full-name master@{u}
> git rev-list --left-right master...refs/remotes/origin/master
> git for-each-ref --sort -committerdate --format %(refname) %(objectname)
> git remote --verbose
> git config --get commit.template
> git show --textconv :app/User.php
> git ls-files --stage -- /var/www/aviacao/app/User.php
> git cat-file -s 5765380eb012e4d9e9e551d3090ad2e483b18e56
> git check-ignore -v -z --stdin
> git show --textconv :app/Http/Controllers/Publico/AcessoController.php
> git ls-files --stage -- /var/www/aviacao/app/Http/Controllers/Publico/AcessoController.php
> git cat-file -s cc278698cc5b2aea74cba88c1e979e73fea63329
> git check-ignore -v -z --stdin
> git check-ignore -v -z --stdin
> git show --textconv :app/Usuario.php
> git ls-files --stage -- /var/www/aviacao/app/Usuario.php
> git cat-file -s 2ff86b2d653fe7c835dae84e9a353fff65adc32f
> git show --textconv :app/Http/Controllers/Publico/AcessoController.php
> git ls-files --stage -- /var/www/aviacao/app/Http/Controllers/Publico/AcessoController.php
> git cat-file -s cc278698cc5b2aea74cba88c1e979e73fea63329
> git check-ignore -v -z --stdin
> git show --textconv :app/Http/Controllers/Admin/UsuariosController.php
> git ls-files --stage -- /var/www/aviacao/app/Http/Controllers/Admin/UsuariosController.php
> git cat-file -s 8e5a566f37616819ca97d6ebe32c17908c75ca7d
> git show --textconv :app/Http/Controllers/Publico/AcessoController.php
> git ls-files --stage -- /var/www/aviacao/app/Http/Controllers/Publico/AcessoController.php
> git cat-file -s cc278698cc5b2aea74cba88c1e979e73fea63329
> git status -z -u
> git symbolic-ref --short HEAD
> git rev-parse master
> git rev-parse --symbolic-full-name master@{u}
> git rev-list --left-right master...refs/remotes/origin/master
> git for-each-ref --sort -committerdate --format %(refname) %(objectname)
> git remote --verbose
> git config --get commit.template
> git status -z -u
> git symbolic-ref --short HEAD
> git rev-parse master
> git rev-parse --symbolic-full-name master@{u}
> git rev-list --left-right master...refs/remotes/origin/master
> git for-each-ref --sort -committerdate --format %(refname) %(objectname)
> git remote --verbose
> git config --get commit.template
> git status -z -u
> git symbolic-ref --short HEAD
> git rev-parse master
> git rev-parse --symbolic-full-name master@{u}
> git rev-list --left-right master...refs/remotes/origin/master
> git for-each-ref --sort -committerdate --format %(refname) %(objectname)
> git remote --verbose
> git config --get commit.template
> git status -z -u
> git symbolic-ref --short HEAD
> git rev-parse master
> git rev-parse --symbolic-full-name master@{u}
> git rev-list --left-right master...refs/remotes/origin/master
> git for-each-ref --sort -committerdate --format %(refname) %(objectname)
> git remote --verbose
> git config --get commit.template
> git show --textconv :resources/views/publico/acesso/cadastrausuario.blade.php
> git ls-files --stage -- /var/www/aviacao/resources/views/publico/acesso/cadastrausuario.blade.php
> git status -z -u
> git symbolic-ref --short HEAD
> git rev-parse master
> git rev-parse --symbolic-full-name master@{u}
> git rev-list --left-right master...refs/remotes/origin/master
> git for-each-ref --sort -committerdate --format %(refname) %(objectname)
> git remote --verbose
> git config --get commit.template
> git status -z -u
> git symbolic-ref --short HEAD
> git rev-parse master
> git rev-parse --symbolic-full-name master@{u}
> git rev-list --left-right master...refs/remotes/origin/master
> git for-each-ref --sort -committerdate --format %(refname) %(objectname)
> git remote --verbose
> git config --get commit.template
> git show --textconv :app/Http/Controllers/Publico/AcessoController.php
> git ls-files --stage -- /var/www/aviacao/app/Http/Controllers/Publico/AcessoController.php
> git cat-file -s cc278698cc5b2aea74cba88c1e979e73fea63329
> git status -z -u
> git symbolic-ref --short HEAD
> git rev-parse master
> git rev-parse --symbolic-full-name master@{u}
> git rev-list --left-right master...refs/remotes/origin/master
> git for-each-ref --sort -committerdate --format %(refname) %(objectname)
> git remote --verbose
> git config --get commit.template
> git status -z -u
> git symbolic-ref --short HEAD
> git rev-parse master
> git rev-parse --symbolic-full-name master@{u}
> git rev-list --left-right master...refs/remotes/origin/master
> git for-each-ref --sort -committerdate --format %(refname) %(objectname)
> git remote --verbose
> git config --get commit.template
> git show --textconv :resources/views/publico/acesso/cadastrausuario.blade.php
> git ls-files --stage -- /var/www/aviacao/resources/views/publico/acesso/cadastrausuario.blade.php
> git show --textconv :app/Http/Controllers/Publico/AcessoController.php
> git ls-files --stage -- /var/www/aviacao/app/Http/Controllers/Publico/AcessoController.php
> git cat-file -s cc278698cc5b2aea74cba88c1e979e73fea63329
> git status -z -u
> git symbolic-ref --short HEAD
> git rev-parse master
> git rev-parse --symbolic-full-name master@{u}
> git rev-list --left-right master...refs/remotes/origin/master
> git for-each-ref --sort -committerdate --format %(refname) %(objectname)
> git remote --verbose
> git config --get commit.template
> git status -z -u
> git symbolic-ref --short HEAD
> git rev-parse master
> git rev-parse --symbolic-full-name master@{u}
> git rev-list --left-right master...refs/remotes/origin/master
> git for-each-ref --sort -committerdate --format %(refname) %(objectname)
> git remote --verbose
> git config --get commit.template
> git status -z -u
> git symbolic-ref --short HEAD
> git rev-parse master
> git rev-parse --symbolic-full-name master@{u}
> git rev-list --left-right master...refs/remotes/origin/master
> git for-each-ref --sort -committerdate --format %(refname) %(objectname)
> git remote --verbose
> git config --get commit.template
> git status -z -u
> git symbolic-ref --short HEAD
> git rev-parse master
> git rev-parse --symbolic-full-name master@{u}
> git rev-list --left-right master...refs/remotes/origin/master
> git for-each-ref --sort -committerdate --format %(refname) %(objectname)
> git remote --verbose
> git config --get commit.template
> git status -z -u
> git symbolic-ref --short HEAD
> git rev-parse master
> git rev-parse --symbolic-full-name master@{u}
> git rev-list --left-right master...refs/remotes/origin/master
> git for-each-ref --sort -committerdate --format %(refname) %(objectname)
> git remote --verbose
> git config --get commit.template
> git show --textconv :resources/views/publico/acesso/cadastrausuario.blade.php
> git ls-files --stage -- /var/www/aviacao/resources/views/publico/acesso/cadastrausuario.blade.php
> git status -z -u
> git symbolic-ref --short HEAD
> git rev-parse master
> git rev-parse --symbolic-full-name master@{u}
> git rev-list --left-right master...refs/remotes/origin/master
> git for-each-ref --sort -committerdate --format %(refname) %(objectname)
> git remote --verbose
> git config --get commit.template
> git show --textconv :app/Http/Controllers/Publico/AcessoController.php
> git ls-files --stage -- /var/www/aviacao/app/Http/Controllers/Publico/AcessoController.php
> git cat-file -s cc278698cc5b2aea74cba88c1e979e73fea63329
> git status -z -u
> git symbolic-ref --short HEAD
> git rev-parse master
> git rev-parse --symbolic-full-name master@{u}
> git rev-list --left-right master...refs/remotes/origin/master
> git for-each-ref --sort -committerdate --format %(refname) %(objectname)
> git remote --verbose
> git config --get commit.template
> git status -z -u
> git symbolic-ref --short HEAD
> git rev-parse master
> git rev-parse --symbolic-full-name master@{u}
> git rev-list --left-right master...refs/remotes/origin/master
> git for-each-ref --sort -committerdate --format %(refname) %(objectname)
> git remote --verbose
> git config --get commit.template
> git status -z -u
> git symbolic-ref --short HEAD
> git rev-parse master
> git rev-parse --symbolic-full-name master@{u}
> git rev-list --left-right master...refs/remotes/origin/master
> git for-each-ref --sort -committerdate --format %(refname) %(objectname)
> git remote --verbose
> git config --get commit.template
> git status -z -u
> git symbolic-ref --short HEAD
> git rev-parse master
> git rev-parse --symbolic-full-name master@{u}
> git rev-list --left-right master...refs/remotes/origin/master
> git for-each-ref --sort -committerdate --format %(refname) %(objectname)
> git remote --verbose
> git config --get commit.template
> git status -z -u
> git symbolic-ref --short HEAD
> git rev-parse master
> git rev-parse --symbolic-full-name master@{u}
> git rev-list --left-right master...refs/remotes/origin/master
> git for-each-ref --sort -committerdate --format %(refname) %(objectname)
> git remote --verbose
> git config --get commit.template
> git show --textconv :app/Http/Controllers/Admin/UsuariosController.php
> git ls-files --stage -- /var/www/aviacao/app/Http/Controllers/Admin/UsuariosController.php
> git cat-file -s 8e5a566f37616819ca97d6ebe32c17908c75ca7d
> git show --textconv :resources/views/publico/acesso/cadastrausuario.blade.php
> git ls-files --stage -- /var/www/aviacao/resources/views/publico/acesso/cadastrausuario.blade.php
> git check-ignore -v -z --stdin
> git check-ignore -v -z --stdin
> git check-ignore -v -z --stdin
> git show --textconv :resources/views/publico/sejamembro/buscadocumento.blade.php
> git ls-files --stage -- /var/www/aviacao/resources/views/publico/sejamembro/buscadocumento.blade.php
> git cat-file -s 045c8864ff61cb9fc4e1922cc5d6f11415a9a6a4
> git show --textconv :resources/views/publico/acesso/cadastrausuario.blade.php
> git ls-files --stage -- /var/www/aviacao/resources/views/publico/acesso/cadastrausuario.blade.php
> git status -z -u
> git symbolic-ref --short HEAD
> git rev-parse master
> git rev-parse --symbolic-full-name master@{u}
> git rev-list --left-right master...refs/remotes/origin/master
> git for-each-ref --sort -committerdate --format %(refname) %(objectname)
> git remote --verbose
> git config --get commit.template
> git status -z -u
> git symbolic-ref --short HEAD
> git rev-parse master
> git rev-parse --symbolic-full-name master@{u}
> git rev-list --left-right master...refs/remotes/origin/master
> git for-each-ref --sort -committerdate --format %(refname) %(objectname)
> git remote --verbose
> git config --get commit.template
> git status -z -u
> git symbolic-ref --short HEAD
> git rev-parse master
> git rev-parse --symbolic-full-name master@{u}
> git rev-list --left-right master...refs/remotes/origin/master
> git for-each-ref --sort -committerdate --format %(refname) %(objectname)
> git remote --verbose
> git config --get commit.template
> git show --textconv :app/Http/Controllers/Admin/UsuariosController.php
> git ls-files --stage -- /var/www/aviacao/app/Http/Controllers/Admin/UsuariosController.php
> git cat-file -s 8e5a566f37616819ca97d6ebe32c17908c75ca7d
> git show --textconv :app/Http/Controllers/Publico/AcessoController.php
> git ls-files --stage -- /var/www/aviacao/app/Http/Controllers/Publico/AcessoController.php
> git cat-file -s cc278698cc5b2aea74cba88c1e979e73fea63329
> git show --textconv :resources/views/publico/acesso/cadastrausuario.blade.php
> git ls-files --stage -- /var/www/aviacao/resources/views/publico/acesso/cadastrausuario.blade.php
> git show --textconv :app/Http/Controllers/Publico/AcessoController.php
> git ls-files --stage -- /var/www/aviacao/app/Http/Controllers/Publico/AcessoController.php
> git cat-file -s cc278698cc5b2aea74cba88c1e979e73fea63329
> git status -z -u
> git symbolic-ref --short HEAD
> git rev-parse master
> git rev-parse --symbolic-full-name master@{u}
> git rev-list --left-right master...refs/remotes/origin/master
> git for-each-ref --sort -committerdate --format %(refname) %(objectname)
> git remote --verbose
> git config --get commit.template
> git status -z -u
> git symbolic-ref --short HEAD
> git rev-parse master
> git rev-parse --symbolic-full-name master@{u}
> git rev-list --left-right master...refs/remotes/origin/master
> git for-each-ref --sort -committerdate --format %(refname) %(objectname)
> git remote --verbose
> git config --get commit.template
> git show --textconv :resources/views/publico/acesso/cadastrausuario.blade.php
> git ls-files --stage -- /var/www/aviacao/resources/views/publico/acesso/cadastrausuario.blade.php
> git show --textconv :app/Http/Controllers/Admin/UsuariosController.php
> git ls-files --stage -- /var/www/aviacao/app/Http/Controllers/Admin/UsuariosController.php
> git cat-file -s 8e5a566f37616819ca97d6ebe32c17908c75ca7d
> git show --textconv :resources/views/publico/acesso/cadastrausuario.blade.php
> git ls-files --stage -- /var/www/aviacao/resources/views/publico/acesso/cadastrausuario.blade.php
> git show --textconv :app/Http/Controllers/Publico/AcessoController.php
> git ls-files --stage -- /var/www/aviacao/app/Http/Controllers/Publico/AcessoController.php
> git cat-file -s cc278698cc5b2aea74cba88c1e979e73fea63329
> git status -z -u
> git symbolic-ref --short HEAD
> git rev-parse master
> git rev-parse --symbolic-full-name master@{u}
> git rev-list --left-right master...refs/remotes/origin/master
> git for-each-ref --sort -committerdate --format %(refname) %(objectname)
> git remote --verbose
> git config --get commit.template
> git status -z -u
> git symbolic-ref --short HEAD
> git rev-parse master
> git rev-parse --symbolic-full-name master@{u}
> git rev-list --left-right master...refs/remotes/origin/master
> git for-each-ref --sort -committerdate --format %(refname) %(objectname)
> git remote --verbose
> git config --get commit.template
> git status -z -u
> git symbolic-ref --short HEAD
> git rev-parse master
> git rev-parse --symbolic-full-name master@{u}
> git rev-list --left-right master...refs/remotes/origin/master
> git for-each-ref --sort -committerdate --format %(refname) %(objectname)
> git remote --verbose
> git config --get commit.template
> git status -z -u
> git symbolic-ref --short HEAD
> git rev-parse master
> git rev-parse --symbolic-full-name master@{u}
> git rev-list --left-right master...refs/remotes/origin/master
> git for-each-ref --sort -committerdate --format %(refname) %(objectname)
> git remote --verbose
> git config --get commit.template
> git show --textconv :resources/views/publico/acesso/cadastrausuario.blade.php
> git ls-files --stage -- /var/www/aviacao/resources/views/publico/acesso/cadastrausuario.blade.php
> git show --textconv :app/Http/Controllers/Publico/AcessoController.php
> git ls-files --stage -- /var/www/aviacao/app/Http/Controllers/Publico/AcessoController.php
> git cat-file -s cc278698cc5b2aea74cba88c1e979e73fea63329
> git status -z -u
> git symbolic-ref --short HEAD
> git rev-parse master
> git rev-parse --symbolic-full-name master@{u}
> git rev-list --left-right master...refs/remotes/origin/master
> git for-each-ref --sort -committerdate --format %(refname) %(objectname)
> git remote --verbose
> git config --get commit.template
> git status -z -u
> git symbolic-ref --short HEAD
> git rev-parse master
> git rev-parse --symbolic-full-name master@{u}
> git rev-list --left-right master...refs/remotes/origin/master
> git for-each-ref --sort -committerdate --format %(refname) %(objectname)
> git remote --verbose
> git config --get commit.template
> git status -z -u
> git symbolic-ref --short HEAD
> git rev-parse master
> git rev-parse --symbolic-full-name master@{u}
> git rev-list --left-right master...refs/remotes/origin/master
> git for-each-ref --sort -committerdate --format %(refname) %(objectname)
> git remote --verbose
> git config --get commit.template
> git status -z -u
> git symbolic-ref --short HEAD
> git rev-parse master
> git rev-parse --symbolic-full-name master@{u}
> git rev-list --left-right master...refs/remotes/origin/master
> git for-each-ref --sort -committerdate --format %(refname) %(objectname)
> git remote --verbose
> git config --get commit.template
> git status -z -u
> git symbolic-ref --short HEAD
> git rev-parse master
> git rev-parse --symbolic-full-name master@{u}
> git rev-list --left-right master...refs/remotes/origin/master
> git for-each-ref --sort -committerdate --format %(refname) %(objectname)
> git remote --verbose
> git config --get commit.template
> git status -z -u
> git symbolic-ref --short HEAD
> git rev-parse master
> git rev-parse --symbolic-full-name master@{u}
> git rev-list --left-right master...refs/remotes/origin/master
> git for-each-ref --sort -committerdate --format %(refname) %(objectname)
> git remote --verbose
> git config --get commit.template
> git status -z -u
> git symbolic-ref --short HEAD
> git rev-parse master
> git rev-parse --symbolic-full-name master@{u}
> git rev-list --left-right master...refs/remotes/origin/master
> git for-each-ref --sort -committerdate --format %(refname) %(objectname)
> git remote --verbose
> git config --get commit.template
> git status -z -u
> git symbolic-ref --short HEAD
> git rev-parse master
> git rev-parse --symbolic-full-name master@{u}
> git rev-list --left-right master...refs/remotes/origin/master
> git for-each-ref --sort -committerdate --format %(refname) %(objectname)
> git remote --verbose
> git config --get commit.template
> git status -z -u
> git symbolic-ref --short HEAD
> git rev-parse master
> git rev-parse --symbolic-full-name master@{u}
> git rev-list --left-right master...refs/remotes/origin/master
> git for-each-ref --sort -committerdate --format %(refname) %(objectname)
> git remote --verbose
> git config --get commit.template
> git status -z -u
> git symbolic-ref --short HEAD
> git rev-parse master
> git rev-parse --symbolic-full-name master@{u}
> git rev-list --left-right master...refs/remotes/origin/master
> git for-each-ref --sort -committerdate --format %(refname) %(objectname)
> git remote --verbose
> git config --get commit.template
> git status -z -u
> git symbolic-ref --short HEAD
> git rev-parse master
> git rev-parse --symbolic-full-name master@{u}
> git rev-list --left-right master...refs/remotes/origin/master
> git for-each-ref --sort -committerdate --format %(refname) %(objectname)
> git remote --verbose
> git config --get commit.template
> git status -z -u
> git symbolic-ref --short HEAD
> git rev-parse master
> git rev-parse --symbolic-full-name master@{u}
> git rev-list --left-right master...refs/remotes/origin/master
> git for-each-ref --sort -committerdate --format %(refname) %(objectname)
> git remote --verbose
> git config --get commit.template
> git show --textconv :resources/views/publico/acesso/cadastrausuario.blade.php
> git ls-files --stage -- /var/www/aviacao/resources/views/publico/acesso/cadastrausuario.blade.php
> git status -z -u
> git symbolic-ref --short HEAD
> git rev-parse master
> git rev-parse --symbolic-full-name master@{u}
> git rev-list --left-right master...refs/remotes/origin/master
> git for-each-ref --sort -committerdate --format %(refname) %(objectname)
> git remote --verbose
> git config --get commit.template
> git status -z -u
> git symbolic-ref --short HEAD
> git rev-parse master
> git rev-parse --symbolic-full-name master@{u}
> git rev-list --left-right master...refs/remotes/origin/master
> git for-each-ref --sort -committerdate --format %(refname) %(objectname)
> git remote --verbose
> git config --get commit.template
> git check-ignore -v -z --stdin
> git check-ignore -v -z --stdin
> git show --textconv :resources/views/admin/entidades/create.blade.php
> git ls-files --stage -- /var/www/aviacao/resources/views/admin/entidades/create.blade.php
> git cat-file -s 8074bf5dd101fae0bbdabc6d3b942eddf2a4c40e
> git show --textconv :resources/views/publico/acesso/cadastrausuario.blade.php
> git ls-files --stage -- /var/www/aviacao/resources/views/publico/acesso/cadastrausuario.blade.php
> git check-ignore -v -z --stdin
> git show --textconv :app/Http/Controllers/Admin/UsuariosController.php
> git ls-files --stage -- /var/www/aviacao/app/Http/Controllers/Admin/UsuariosController.php
> git cat-file -s 8e5a566f37616819ca97d6ebe32c17908c75ca7d
> git show --textconv :resources/views/publico/acesso/cadastrausuario.blade.php
> git ls-files --stage -- /var/www/aviacao/resources/views/publico/acesso/cadastrausuario.blade.php
> git show --textconv :app/Http/Controllers/Publico/AcessoController.php
> git ls-files --stage -- /var/www/aviacao/app/Http/Controllers/Publico/AcessoController.php
> git cat-file -s cc278698cc5b2aea74cba88c1e979e73fea63329
> git status -z -u
> git symbolic-ref --short HEAD
> git rev-parse master
> git rev-parse --symbolic-full-name master@{u}
> git rev-list --left-right master...refs/remotes/origin/master
> git for-each-ref --sort -committerdate --format %(refname) %(objectname)
> git remote --verbose
> git config --get commit.template
> git status -z -u
> git symbolic-ref --short HEAD
> git rev-parse master
> git rev-parse --symbolic-full-name master@{u}
> git rev-list --left-right master...refs/remotes/origin/master
> git for-each-ref --sort -committerdate --format %(refname) %(objectname)
> git remote --verbose
> git config --get commit.template
> git status -z -u
> git symbolic-ref --short HEAD
> git rev-parse master
> git rev-parse --symbolic-full-name master@{u}
> git rev-list --left-right master...refs/remotes/origin/master
> git for-each-ref --sort -committerdate --format %(refname) %(objectname)
> git remote --verbose
> git config --get commit.template
> git show --textconv :resources/views/publico/acesso/cadastrausuario.blade.php
> git ls-files --stage -- /var/www/aviacao/resources/views/publico/acesso/cadastrausuario.blade.php
> git status -z -u
> git symbolic-ref --short HEAD
> git rev-parse master
> git rev-parse --symbolic-full-name master@{u}
> git rev-list --left-right master...refs/remotes/origin/master
> git for-each-ref --sort -committerdate --format %(refname) %(objectname)
> git remote --verbose
> git config --get commit.template
> git show --textconv :app/Http/Controllers/Publico/AcessoController.php
> git ls-files --stage -- /var/www/aviacao/app/Http/Controllers/Publico/AcessoController.php
> git cat-file -s cc278698cc5b2aea74cba88c1e979e73fea63329
> git status -z -u
> git symbolic-ref --short HEAD
> git rev-parse master
> git rev-parse --symbolic-full-name master@{u}
> git rev-list --left-right master...refs/remotes/origin/master
> git for-each-ref --sort -committerdate --format %(refname) %(objectname)
> git remote --verbose
> git config --get commit.template
> git status -z -u
> git symbolic-ref --short HEAD
> git rev-parse master
> git rev-parse --symbolic-full-name master@{u}
> git rev-list --left-right master...refs/remotes/origin/master
> git for-each-ref --sort -committerdate --format %(refname) %(objectname)
> git remote --verbose
> git config --get commit.template
> git status -z -u
> git symbolic-ref --short HEAD
> git rev-parse master
> git rev-parse --symbolic-full-name master@{u}
> git rev-list --left-right master...refs/remotes/origin/master
> git for-each-ref --sort -committerdate --format %(refname) %(objectname)
> git remote --verbose
> git config --get commit.template
> git status -z -u
> git symbolic-ref --short HEAD
> git rev-parse master
> git rev-parse --symbolic-full-name master@{u}
> git rev-list --left-right master...refs/remotes/origin/master
> git for-each-ref --sort -committerdate --format %(refname) %(objectname)
> git remote --verbose
> git config --get commit.template
> git status -z -u
> git symbolic-ref --short HEAD
> git rev-parse master
> git rev-parse --symbolic-full-name master@{u}
> git rev-list --left-right master...refs/remotes/origin/master
> git for-each-ref --sort -committerdate --format %(refname) %(objectname)
> git remote --verbose
> git config --get commit.template
> git show --textconv :resources/views/publico/acesso/cadastrausuario.blade.php
> git ls-files --stage -- /var/www/aviacao/resources/views/publico/acesso/cadastrausuario.blade.php
> git status -z -u
> git symbolic-ref --short HEAD
> git rev-parse master
> git rev-parse --symbolic-full-name master@{u}
> git rev-list --left-right master...refs/remotes/origin/master
> git for-each-ref --sort -committerdate --format %(refname) %(objectname)
> git remote --verbose
> git config --get commit.template
> git status -z -u
> git symbolic-ref --short HEAD
> git rev-parse master
> git rev-parse --symbolic-full-name master@{u}
> git rev-list --left-right master...refs/remotes/origin/master
> git for-each-ref --sort -committerdate --format %(refname) %(objectname)
> git remote --verbose
> git config --get commit.template
> git status -z -u
> git symbolic-ref --short HEAD
> git rev-parse master
> git rev-parse --symbolic-full-name master@{u}
> git rev-list --left-right master...refs/remotes/origin/master
> git for-each-ref --sort -committerdate --format %(refname) %(objectname)
> git remote --verbose
> git config --get commit.template
> git status -z -u
> git symbolic-ref --short HEAD
> git rev-parse master
> git rev-parse --symbolic-full-name master@{u}
> git rev-list --left-right master...refs/remotes/origin/master
> git for-each-ref --sort -committerdate --format %(refname) %(objectname)
> git remote --verbose
> git config --get commit.template
> git show --textconv :app/Http/Controllers/Publico/AcessoController.php
> git ls-files --stage -- /var/www/aviacao/app/Http/Controllers/Publico/AcessoController.php
> git cat-file -s cc278698cc5b2aea74cba88c1e979e73fea63329
> git show --textconv :database/migrations/2014_10_12_000000_create_users_table.php
> git ls-files --stage -- /var/www/aviacao/database/migrations/2014_10_12_000000_create_users_table.php
> git cat-file -s 7e0c95c2f0c6751a573fce32913def6cdefbbfba
> git show --textconv :app/Http/Controllers/Publico/AcessoController.php
> git ls-files --stage -- /var/www/aviacao/app/Http/Controllers/Publico/AcessoController.php
> git cat-file -s cc278698cc5b2aea74cba88c1e979e73fea63329
> git status -z -u
> git symbolic-ref --short HEAD
> git rev-parse master
> git rev-parse --symbolic-full-name master@{u}
> git rev-list --left-right master...refs/remotes/origin/master
> git for-each-ref --sort -committerdate --format %(refname) %(objectname)
> git remote --verbose
> git config --get commit.template
> git status -z -u
> git symbolic-ref --short HEAD
> git rev-parse master
> git rev-parse --symbolic-full-name master@{u}
> git rev-list --left-right master...refs/remotes/origin/master
> git for-each-ref --sort -committerdate --format %(refname) %(objectname)
> git remote --verbose
> git config --get commit.template
> git status -z -u
> git symbolic-ref --short HEAD
> git rev-parse master
> git rev-parse --symbolic-full-name master@{u}
> git rev-list --left-right master...refs/remotes/origin/master
> git for-each-ref --sort -committerdate --format %(refname) %(objectname)
> git remote --verbose
> git config --get commit.template
> git status -z -u
> git symbolic-ref --short HEAD
> git rev-parse master
> git rev-parse --symbolic-full-name master@{u}
> git rev-list --left-right master...refs/remotes/origin/master
> git for-each-ref --sort -committerdate --format %(refname) %(objectname)
> git remote --verbose
> git config --get commit.template
> git status -z -u
> git symbolic-ref --short HEAD
> git rev-parse master
> git rev-parse --symbolic-full-name master@{u}
> git rev-list --left-right master...refs/remotes/origin/master
> git for-each-ref --sort -committerdate --format %(refname) %(objectname)
> git remote --verbose
> git config --get commit.template
> git status -z -u
> git symbolic-ref --short HEAD
> git rev-parse master
> git rev-parse --symbolic-full-name master@{u}
> git rev-list --left-right master...refs/remotes/origin/master
> git for-each-ref --sort -committerdate --format %(refname) %(objectname)
> git remote --verbose
> git config --get commit.template
> git status -z -u
> git symbolic-ref --short HEAD
> git rev-parse master
> git rev-parse --symbolic-full-name master@{u}
> git rev-list --left-right master...refs/remotes/origin/master
> git for-each-ref --sort -committerdate --format %(refname) %(objectname)
> git remote --verbose
> git config --get commit.template
> git status -z -u
> git symbolic-ref --short HEAD
> git rev-parse master
> git rev-parse --symbolic-full-name master@{u}
> git rev-list --left-right master...refs/remotes/origin/master
> git for-each-ref --sort -committerdate --format %(refname) %(objectname)
> git remote --verbose
> git config --get commit.template
> git status -z -u
> git symbolic-ref --short HEAD
> git rev-parse master
> git rev-parse --symbolic-full-name master@{u}
> git rev-list --left-right master...refs/remotes/origin/master
> git for-each-ref --sort -committerdate --format %(refname) %(objectname)
> git remote --verbose
> git config --get commit.template
> git show --textconv :resources/views/publico/acesso/cadastrausuario.blade.php
> git ls-files --stage -- /var/www/aviacao/resources/views/publico/acesso/cadastrausuario.blade.php
> git status -z -u
> git symbolic-ref --short HEAD
> git rev-parse master
> git rev-parse --symbolic-full-name master@{u}
> git rev-list --left-right master...refs/remotes/origin/master
> git for-each-ref --sort -committerdate --format %(refname) %(objectname)
> git remote --verbose
> git config --get commit.template
> git show --textconv :app/Http/Controllers/Publico/AcessoController.php
> git ls-files --stage -- /var/www/aviacao/app/Http/Controllers/Publico/AcessoController.php
> git cat-file -s cc278698cc5b2aea74cba88c1e979e73fea63329
> git status -z -u
> git symbolic-ref --short HEAD
> git rev-parse master
> git rev-parse --symbolic-full-name master@{u}
> git rev-list --left-right master...refs/remotes/origin/master
> git for-each-ref --sort -committerdate --format %(refname) %(objectname)
> git remote --verbose
> git config --get commit.template
> git status -z -u
> git symbolic-ref --short HEAD
> git rev-parse master
> git rev-parse --symbolic-full-name master@{u}
> git rev-list --left-right master...refs/remotes/origin/master
> git for-each-ref --sort -committerdate --format %(refname) %(objectname)
> git remote --verbose
> git config --get commit.template
> git status -z -u
> git symbolic-ref --short HEAD
> git rev-parse master
> git rev-parse --symbolic-full-name master@{u}
> git rev-list --left-right master...refs/remotes/origin/master
> git for-each-ref --sort -committerdate --format %(refname) %(objectname)
> git remote --verbose
> git config --get commit.template
> git status -z -u
> git symbolic-ref --short HEAD
> git rev-parse master
> git rev-parse --symbolic-full-name master@{u}
> git rev-list --left-right master...refs/remotes/origin/master
> git for-each-ref --sort -committerdate --format %(refname) %(objectname)
> git remote --verbose
> git config --get commit.template
> git status -z -u
> git symbolic-ref --short HEAD
> git rev-parse master
> git rev-parse --symbolic-full-name master@{u}
> git rev-list --left-right master...refs/remotes/origin/master
> git for-each-ref --sort -committerdate --format %(refname) %(objectname)
> git remote --verbose
> git config --get commit.template
> git status -z -u
> git symbolic-ref --short HEAD
> git rev-parse master
> git rev-parse --symbolic-full-name master@{u}
> git rev-list --left-right master...refs/remotes/origin/master
> git for-each-ref --sort -committerdate --format %(refname) %(objectname)
> git remote --verbose
> git config --get commit.template
> git status -z -u
> git symbolic-ref --short HEAD
> git rev-parse master
> git rev-parse --symbolic-full-name master@{u}
> git rev-list --left-right master...refs/remotes/origin/master
> git for-each-ref --sort -committerdate --format %(refname) %(objectname)
> git remote --verbose
> git config --get commit.template
> git status -z -u
> git symbolic-ref --short HEAD
> git rev-parse master
> git rev-parse --symbolic-full-name master@{u}
> git rev-list --left-right master...refs/remotes/origin/master
> git for-each-ref --sort -committerdate --format %(refname) %(objectname)
> git remote --verbose
> git config --get commit.template
> git status -z -u
> git symbolic-ref --short HEAD
> git rev-parse master
> git rev-parse --symbolic-full-name master@{u}
> git rev-list --left-right master...refs/remotes/origin/master
> git for-each-ref --sort -committerdate --format %(refname) %(objectname)
> git remote --verbose
> git config --get commit.template
> git status -z -u
> git symbolic-ref --short HEAD
> git rev-parse master
> git rev-parse --symbolic-full-name master@{u}
> git rev-list --left-right master...refs/remotes/origin/master
> git for-each-ref --sort -committerdate --format %(refname) %(objectname)
> git remote --verbose
> git config --get commit.template
> git status -z -u
> git symbolic-ref --short HEAD
> git rev-parse master
> git rev-parse --symbolic-full-name master@{u}
> git rev-list --left-right master...refs/remotes/origin/master
> git for-each-ref --sort -committerdate --format %(refname) %(objectname)
> git remote --verbose
> git config --get commit.template
> git status -z -u
> git symbolic-ref --short HEAD
> git rev-parse master
> git rev-parse --symbolic-full-name master@{u}
> git rev-list --left-right master...refs/remotes/origin/master
> git for-each-ref --sort -committerdate --format %(refname) %(objectname)
> git remote --verbose
> git config --get commit.template
> git status -z -u
> git symbolic-ref --short HEAD
> git rev-parse master
> git rev-parse --symbolic-full-name master@{u}
> git rev-list --left-right master...refs/remotes/origin/master
> git for-each-ref --sort -committerdate --format %(refname) %(objectname)
> git remote --verbose
> git config --get commit.template
> git status -z -u
> git symbolic-ref --short HEAD
> git rev-parse master
> git rev-parse --symbolic-full-name master@{u}
> git rev-list --left-right master...refs/remotes/origin/master
> git for-each-ref --sort -committerdate --format %(refname) %(objectname)
> git remote --verbose
> git config --get commit.template
> git show --textconv :app/User.php
> git ls-files --stage -- /var/www/aviacao/app/User.php
> git cat-file -s 5765380eb012e4d9e9e551d3090ad2e483b18e56
> git show --textconv :resources/views/publico/acesso/cadastrausuario.blade.php
> git ls-files --stage -- /var/www/aviacao/resources/views/publico/acesso/cadastrausuario.blade.php
> git show --textconv :app/Http/Controllers/Publico/AcessoController.php
> git ls-files --stage -- /var/www/aviacao/app/Http/Controllers/Publico/AcessoController.php
> git cat-file -s cc278698cc5b2aea74cba88c1e979e73fea63329
> git show --textconv :app/User.php
> git ls-files --stage -- /var/www/aviacao/app/User.php
> git cat-file -s 5765380eb012e4d9e9e551d3090ad2e483b18e56
> git show --textconv :database/migrations/2014_10_12_000000_create_users_table.php
> git ls-files --stage -- /var/www/aviacao/database/migrations/2014_10_12_000000_create_users_table.php
> git cat-file -s 7e0c95c2f0c6751a573fce32913def6cdefbbfba
> git status -z -u
> git symbolic-ref --short HEAD
> git rev-parse master
> git rev-parse --symbolic-full-name master@{u}
> git rev-list --left-right master...refs/remotes/origin/master
> git for-each-ref --sort -committerdate --format %(refname) %(objectname)
> git remote --verbose
> git config --get commit.template
> git show --textconv :app/User.php
> git ls-files --stage -- /var/www/aviacao/app/User.php
> git cat-file -s 5765380eb012e4d9e9e551d3090ad2e483b18e56
> git show --textconv :database/migrations/2014_10_12_000000_create_users_table.php
> git ls-files --stage -- /var/www/aviacao/database/migrations/2014_10_12_000000_create_users_table.php
> git cat-file -s 7e0c95c2f0c6751a573fce32913def6cdefbbfba
> git show --textconv :app/User.php
> git ls-files --stage -- /var/www/aviacao/app/User.php
> git cat-file -s 5765380eb012e4d9e9e551d3090ad2e483b18e56
> git show --textconv :app/Http/Controllers/Publico/AcessoController.php
> git ls-files --stage -- /var/www/aviacao/app/Http/Controllers/Publico/AcessoController.php
> git cat-file -s cc278698cc5b2aea74cba88c1e979e73fea63329
> git show --textconv :app/User.php
> git ls-files --stage -- /var/www/aviacao/app/User.php
> git cat-file -s 5765380eb012e4d9e9e551d3090ad2e483b18e56
> git show --textconv :database/migrations/2014_10_12_000000_create_users_table.php
> git ls-files --stage -- /var/www/aviacao/database/migrations/2014_10_12_000000_create_users_table.php
> git cat-file -s 7e0c95c2f0c6751a573fce32913def6cdefbbfba
> git show --textconv :app/Http/Controllers/Publico/AcessoController.php
> git ls-files --stage -- /var/www/aviacao/app/Http/Controllers/Publico/AcessoController.php
> git cat-file -s cc278698cc5b2aea74cba88c1e979e73fea63329
> git show --textconv :app/User.php
> git ls-files --stage -- /var/www/aviacao/app/User.php
> git cat-file -s 5765380eb012e4d9e9e551d3090ad2e483b18e56
> git show --textconv :database/migrations/2014_10_12_000000_create_users_table.php
> git ls-files --stage -- /var/www/aviacao/database/migrations/2014_10_12_000000_create_users_table.php
> git cat-file -s 7e0c95c2f0c6751a573fce32913def6cdefbbfba
> git status -z -u
> git symbolic-ref --short HEAD
> git rev-parse master
> git rev-parse --symbolic-full-name master@{u}
> git rev-list --left-right master...refs/remotes/origin/master
> git for-each-ref --sort -committerdate --format %(refname) %(objectname)
> git remote --verbose
> git config --get commit.template
> git status -z -u
> git symbolic-ref --short HEAD
> git rev-parse master
> git rev-parse --symbolic-full-name master@{u}
> git rev-list --left-right master...refs/remotes/origin/master
> git for-each-ref --sort -committerdate --format %(refname) %(objectname)
> git remote --verbose
> git config --get commit.template
> git status -z -u
> git symbolic-ref --short HEAD
> git rev-parse master
> git rev-parse --symbolic-full-name master@{u}
> git rev-list --left-right master...refs/remotes/origin/master
> git for-each-ref --sort -committerdate --format %(refname) %(objectname)
> git remote --verbose
> git config --get commit.template
> git show --textconv :database/migrations/2020_10_28_145852_create_usuarios_table.php
> git ls-files --stage -- /var/www/aviacao/database/migrations/2020_10_28_145852_create_usuarios_table.php
> git cat-file -s 0bcdeb36ed4b25d427417e0179565b5c079c9dd5
> git show --textconv :database/migrations/2014_10_12_000000_create_users_table.php
> git ls-files --stage -- /var/www/aviacao/database/migrations/2014_10_12_000000_create_users_table.php
> git cat-file -s 7e0c95c2f0c6751a573fce32913def6cdefbbfba
> git show --textconv :database/migrations/2020_10_28_145852_create_usuarios_table.php
> git ls-files --stage -- /var/www/aviacao/database/migrations/2020_10_28_145852_create_usuarios_table.php
> git cat-file -s 0bcdeb36ed4b25d427417e0179565b5c079c9dd5
> git show --textconv :database/migrations/2014_10_12_000000_create_users_table.php
> git ls-files --stage -- /var/www/aviacao/database/migrations/2014_10_12_000000_create_users_table.php
> git cat-file -s 7e0c95c2f0c6751a573fce32913def6cdefbbfba
> git show --textconv :database/migrations/2020_10_28_145852_create_usuarios_table.php
> git ls-files --stage -- /var/www/aviacao/database/migrations/2020_10_28_145852_create_usuarios_table.php
> git cat-file -s 0bcdeb36ed4b25d427417e0179565b5c079c9dd5
> git show --textconv :database/migrations/2014_10_12_000000_create_users_table.php
> git ls-files --stage -- /var/www/aviacao/database/migrations/2014_10_12_000000_create_users_table.php
> git cat-file -s 7e0c95c2f0c6751a573fce32913def6cdefbbfba
> git show --textconv :database/migrations/2020_10_28_145852_create_usuarios_table.php
> git ls-files --stage -- /var/www/aviacao/database/migrations/2020_10_28_145852_create_usuarios_table.php
> git cat-file -s 0bcdeb36ed4b25d427417e0179565b5c079c9dd5
> git show --textconv :database/migrations/2014_10_12_000000_create_users_table.php
> git ls-files --stage -- /var/www/aviacao/database/migrations/2014_10_12_000000_create_users_table.php
> git cat-file -s 7e0c95c2f0c6751a573fce32913def6cdefbbfba
> git show --textconv :database/migrations/2020_10_28_145852_create_usuarios_table.php
> git ls-files --stage -- /var/www/aviacao/database/migrations/2020_10_28_145852_create_usuarios_table.php
> git cat-file -s 0bcdeb36ed4b25d427417e0179565b5c079c9dd5
> git show --textconv :database/migrations/2014_10_12_000000_create_users_table.php
> git ls-files --stage -- /var/www/aviacao/database/migrations/2014_10_12_000000_create_users_table.php
> git cat-file -s 7e0c95c2f0c6751a573fce32913def6cdefbbfba
> git show --textconv :app/User.php
> git ls-files --stage -- /var/www/aviacao/app/User.php
> git cat-file -s 5765380eb012e4d9e9e551d3090ad2e483b18e56
> git status -z -u
> git symbolic-ref --short HEAD
> git rev-parse master
> git rev-parse --symbolic-full-name master@{u}
> git rev-list --left-right master...refs/remotes/origin/master
> git for-each-ref --sort -committerdate --format %(refname) %(objectname)
> git remote --verbose
> git config --get commit.template
> git show --textconv :database/migrations/2014_10_12_000000_create_users_table.php
> git ls-files --stage -- /var/www/aviacao/database/migrations/2014_10_12_000000_create_users_table.php
> git cat-file -s 7e0c95c2f0c6751a573fce32913def6cdefbbfba
> git status -z -u
> git symbolic-ref --short HEAD
> git rev-parse master
> git rev-parse --symbolic-full-name master@{u}
> git rev-list --left-right master...refs/remotes/origin/master
> git for-each-ref --sort -committerdate --format %(refname) %(objectname)
> git remote --verbose
> git config --get commit.template
> git status -z -u
> git symbolic-ref --short HEAD
> git rev-parse master
> git rev-parse --symbolic-full-name master@{u}
> git rev-list --left-right master...refs/remotes/origin/master
> git for-each-ref --sort -committerdate --format %(refname) %(objectname)
> git remote --verbose
> git config --get commit.template
> git status -z -u
> git symbolic-ref --short HEAD
> git rev-parse master
> git rev-parse --symbolic-full-name master@{u}
> git rev-list --left-right master...refs/remotes/origin/master
> git for-each-ref --sort -committerdate --format %(refname) %(objectname)
> git remote --verbose
> git config --get commit.template
> git status -z -u
> git symbolic-ref --short HEAD
> git rev-parse master
> git rev-parse --symbolic-full-name master@{u}
> git rev-list --left-right master...refs/remotes/origin/master
> git for-each-ref --sort -committerdate --format %(refname) %(objectname)
> git remote --verbose
> git config --get commit.template
> git status -z -u
> git symbolic-ref --short HEAD
> git rev-parse master
> git rev-parse --symbolic-full-name master@{u}
> git rev-list --left-right master...refs/remotes/origin/master
> git for-each-ref --sort -committerdate --format %(refname) %(objectname)
> git remote --verbose
> git config --get commit.template
> git status -z -u
> git symbolic-ref --short HEAD
> git rev-parse master
> git rev-parse --symbolic-full-name master@{u}
> git rev-list --left-right master...refs/remotes/origin/master
> git for-each-ref --sort -committerdate --format %(refname) %(objectname)
> git remote --verbose
> git config --get commit.template
> git status -z -u
> git symbolic-ref --short HEAD
> git rev-parse master
> git rev-parse --symbolic-full-name master@{u}
> git rev-list --left-right master...refs/remotes/origin/master
> git for-each-ref --sort -committerdate --format %(refname) %(objectname)
> git remote --verbose
> git config --get commit.template
> git status -z -u
> git symbolic-ref --short HEAD
> git rev-parse master
> git rev-parse --symbolic-full-name master@{u}
> git rev-list --left-right master...refs/remotes/origin/master
> git for-each-ref --sort -committerdate --format %(refname) %(objectname)
> git remote --verbose
> git config --get commit.template
> git status -z -u
> git symbolic-ref --short HEAD
> git rev-parse master
> git rev-parse --symbolic-full-name master@{u}
> git rev-list --left-right master...refs/remotes/origin/master
> git for-each-ref --sort -committerdate --format %(refname) %(objectname)
> git remote --verbose
> git config --get commit.template
> git show --textconv :database/migrations/2020_10_07_154919_create_pessoas_table.php
> git ls-files --stage -- /var/www/aviacao/database/migrations/2020_10_07_154919_create_pessoas_table.php
> git cat-file -s c978bf8c72a015a80ed58f6c02c11518d66f0345
> git show --textconv :database/migrations/2014_10_12_000000_create_users_table.php
> git ls-files --stage -- /var/www/aviacao/database/migrations/2014_10_12_000000_create_users_table.php
> git cat-file -s 7e0c95c2f0c6751a573fce32913def6cdefbbfba
> git show --textconv :resources/views/publico/acesso/cadastrausuario.blade.php
> git ls-files --stage -- /var/www/aviacao/resources/views/publico/acesso/cadastrausuario.blade.php
> git show --textconv :database/migrations/2014_10_12_000000_create_users_table.php
> git ls-files --stage -- /var/www/aviacao/database/migrations/2014_10_12_000000_create_users_table.php
> git cat-file -s 7e0c95c2f0c6751a573fce32913def6cdefbbfba
> git status -z -u
> git symbolic-ref --short HEAD
> git rev-parse master
> git rev-parse --symbolic-full-name master@{u}
> git rev-list --left-right master...refs/remotes/origin/master
> git for-each-ref --sort -committerdate --format %(refname) %(objectname)
> git remote --verbose
> git config --get commit.template
> git status -z -u
> git symbolic-ref --short HEAD
> git rev-parse master
> git rev-parse --symbolic-full-name master@{u}
> git rev-list --left-right master...refs/remotes/origin/master
> git for-each-ref --sort -committerdate --format %(refname) %(objectname)
> git remote --verbose
> git config --get commit.template
> git status -z -u
> git symbolic-ref --short HEAD
> git rev-parse master
> git rev-parse --symbolic-full-name master@{u}
> git rev-list --left-right master...refs/remotes/origin/master
> git for-each-ref --sort -committerdate --format %(refname) %(objectname)
> git remote --verbose
> git config --get commit.template
> git status -z -u
> git symbolic-ref --short HEAD
> git rev-parse master
> git rev-parse --symbolic-full-name master@{u}
> git rev-list --left-right master...refs/remotes/origin/master
> git for-each-ref --sort -committerdate --format %(refname) %(objectname)
> git remote --verbose
> git config --get commit.template
> git show --textconv :database/migrations/2020_10_07_154919_create_pessoas_table.php
> git ls-files --stage -- /var/www/aviacao/database/migrations/2020_10_07_154919_create_pessoas_table.php
> git cat-file -s c978bf8c72a015a80ed58f6c02c11518d66f0345
> git status -z -u
> git symbolic-ref --short HEAD
> git rev-parse master
> git rev-parse --symbolic-full-name master@{u}
> git rev-list --left-right master...refs/remotes/origin/master
> git for-each-ref --sort -committerdate --format %(refname) %(objectname)
> git remote --verbose
> git config --get commit.template
> git show --textconv :database/migrations/2014_10_12_000000_create_users_table.php
> git ls-files --stage -- /var/www/aviacao/database/migrations/2014_10_12_000000_create_users_table.php
> git cat-file -s 7e0c95c2f0c6751a573fce32913def6cdefbbfba
> git status -z -u
> git symbolic-ref --short HEAD
> git rev-parse master
> git rev-parse --symbolic-full-name master@{u}
> git rev-list --left-right master...refs/remotes/origin/master
> git for-each-ref --sort -committerdate --format %(refname) %(objectname)
> git remote --verbose
> git config --get commit.template
> git show --textconv :database/migrations/2020_10_07_154919_create_pessoas_table.php
> git ls-files --stage -- /var/www/aviacao/database/migrations/2020_10_07_154919_create_pessoas_table.php
> git cat-file -s c978bf8c72a015a80ed58f6c02c11518d66f0345
> git status -z -u
> git symbolic-ref --short HEAD
> git rev-parse master
> git rev-parse --symbolic-full-name master@{u}
> git rev-list --left-right master...refs/remotes/origin/master
> git for-each-ref --sort -committerdate --format %(refname) %(objectname)
> git remote --verbose
> git config --get commit.template
> git show --textconv :database/migrations/2014_10_12_000000_create_users_table.php
> git ls-files --stage -- /var/www/aviacao/database/migrations/2014_10_12_000000_create_users_table.php
> git cat-file -s 7e0c95c2f0c6751a573fce32913def6cdefbbfba
> git status -z -u
> git symbolic-ref --short HEAD
> git rev-parse master
> git rev-parse --symbolic-full-name master@{u}
> git rev-list --left-right master...refs/remotes/origin/master
> git for-each-ref --sort -committerdate --format %(refname) %(objectname)
> git remote --verbose
> git config --get commit.template
> git status -z -u
> git symbolic-ref --short HEAD
> git rev-parse master
> git rev-parse --symbolic-full-name master@{u}
> git rev-list --left-right master...refs/remotes/origin/master
> git for-each-ref --sort -committerdate --format %(refname) %(objectname)
> git remote --verbose
> git config --get commit.template
> git status -z -u
> git symbolic-ref --short HEAD
> git rev-parse master
> git rev-parse --symbolic-full-name master@{u}
> git rev-list --left-right master...refs/remotes/origin/master
> git for-each-ref --sort -committerdate --format %(refname) %(objectname)
> git remote --verbose
> git config --get commit.template
> git status -z -u
> git symbolic-ref --short HEAD
> git rev-parse master
> git rev-parse --symbolic-full-name master@{u}
> git rev-list --left-right master...refs/remotes/origin/master
> git for-each-ref --sort -committerdate --format %(refname) %(objectname)
> git remote --verbose
> git config --get commit.template
> git show --textconv :database/migrations/2020_10_07_154919_create_pessoas_table.php
> git ls-files --stage -- /var/www/aviacao/database/migrations/2020_10_07_154919_create_pessoas_table.php
> git cat-file -s c978bf8c72a015a80ed58f6c02c11518d66f0345
> git status -z -u
> git symbolic-ref --short HEAD
> git rev-parse master
> git rev-parse --symbolic-full-name master@{u}
> git rev-list --left-right master...refs/remotes/origin/master
> git for-each-ref --sort -committerdate --format %(refname) %(objectname)
> git remote --verbose
> git config --get commit.template
> git status -z -u
> git symbolic-ref --short HEAD
> git rev-parse master
> git rev-parse --symbolic-full-name master@{u}
> git rev-list --left-right master...refs/remotes/origin/master
> git for-each-ref --sort -committerdate --format %(refname) %(objectname)
> git remote --verbose
> git config --get commit.template
> git log --format=%H%n%aN%n%aE%n%at%n%ct%n%P%n%B -z -n21 -- /var/www/aviacao/database/migrations/2020_10_07_154919_create_pessoas_table.php
> git show --textconv :database/migrations/2020_10_28_145852_create_usuarios_table.php
> git ls-files --stage -- /var/www/aviacao/database/migrations/2020_10_28_145852_create_usuarios_table.php
> git cat-file -s 0bcdeb36ed4b25d427417e0179565b5c079c9dd5
> git status -z -u
> git symbolic-ref --short HEAD
> git rev-parse master
> git rev-parse --symbolic-full-name master@{u}
> git rev-list --left-right master...refs/remotes/origin/master
> git for-each-ref --sort -committerdate --format %(refname) %(objectname)
> git remote --verbose
> git config --get commit.template
> git status -z -u
> git symbolic-ref --short HEAD
> git rev-parse master
> git rev-parse --symbolic-full-name master@{u}
> git rev-list --left-right master...refs/remotes/origin/master
> git for-each-ref --sort -committerdate --format %(refname) %(objectname)
> git remote --verbose
> git config --get commit.template
> git status -z -u
> git symbolic-ref --short HEAD
> git rev-parse master
> git rev-parse --symbolic-full-name master@{u}
> git rev-list --left-right master...refs/remotes/origin/master
> git for-each-ref --sort -committerdate --format %(refname) %(objectname)
> git remote --verbose
> git config --get commit.template
> git show --textconv :database/migrations/2020_10_07_154919_create_pessoas_table.php
> git ls-files --stage -- /var/www/aviacao/database/migrations/2020_10_07_154919_create_pessoas_table.php
> git cat-file -s c978bf8c72a015a80ed58f6c02c11518d66f0345
> git status -z -u
> git symbolic-ref --short HEAD
> git rev-parse master
> git rev-parse --symbolic-full-name master@{u}
> git rev-list --left-right master...refs/remotes/origin/master
> git for-each-ref --sort -committerdate --format %(refname) %(objectname)
> git remote --verbose
> git config --get commit.template
> git show --textconv :database/migrations/2014_10_12_000000_create_users_table.php
> git ls-files --stage -- /var/www/aviacao/database/migrations/2014_10_12_000000_create_users_table.php
> git cat-file -s 7e0c95c2f0c6751a573fce32913def6cdefbbfba
> git status -z -u
> git symbolic-ref --short HEAD
> git rev-parse master
> git rev-parse --symbolic-full-name master@{u}
> git rev-list --left-right master...refs/remotes/origin/master
> git for-each-ref --sort -committerdate --format %(refname) %(objectname)
> git remote --verbose
> git config --get commit.template
> git status -z -u
> git symbolic-ref --short HEAD
> git rev-parse master
> git rev-parse --symbolic-full-name master@{u}
> git rev-list --left-right master...refs/remotes/origin/master
> git for-each-ref --sort -committerdate --format %(refname) %(objectname)
> git remote --verbose
> git config --get commit.template
> git show --textconv :app/User.php
> git ls-files --stage -- /var/www/aviacao/app/User.php
> git cat-file -s 5765380eb012e4d9e9e551d3090ad2e483b18e56
> git show --textconv :resources/views/publico/acesso/cadastrausuario.blade.php
> git ls-files --stage -- /var/www/aviacao/resources/views/publico/acesso/cadastrausuario.blade.php
> git show --textconv :app/Http/Controllers/Publico/AcessoController.php
> git ls-files --stage -- /var/www/aviacao/app/Http/Controllers/Publico/AcessoController.php
> git cat-file -s cc278698cc5b2aea74cba88c1e979e73fea63329
> git show --textconv :database/migrations/2014_10_12_000000_create_users_table.php
> git ls-files --stage -- /var/www/aviacao/database/migrations/2014_10_12_000000_create_users_table.php
> git cat-file -s 7e0c95c2f0c6751a573fce32913def6cdefbbfba
> git show --textconv :app/User.php
> git ls-files --stage -- /var/www/aviacao/app/User.php
> git cat-file -s 5765380eb012e4d9e9e551d3090ad2e483b18e56
> git show --textconv :database/migrations/2014_10_12_000000_create_users_table.php
> git ls-files --stage -- /var/www/aviacao/database/migrations/2014_10_12_000000_create_users_table.php
> git cat-file -s 7e0c95c2f0c6751a573fce32913def6cdefbbfba
> git show --textconv :database/migrations/2020_09_23_184410_create_entidades_table.php
> git ls-files --stage -- /var/www/aviacao/database/migrations/2020_09_23_184410_create_entidades_table.php
> git cat-file -s d1527a9e15df54be0eb6e6cde1ff3f717c69148e
> git status -z -u
> git symbolic-ref --short HEAD
> git rev-parse master
> git rev-parse --symbolic-full-name master@{u}
> git rev-list --left-right master...refs/remotes/origin/master
> git for-each-ref --sort -committerdate --format %(refname) %(objectname)
> git remote --verbose
> git config --get commit.template
> git status -z -u
> git symbolic-ref --short HEAD
> git rev-parse master
> git rev-parse --symbolic-full-name master@{u}
> git rev-list --left-right master...refs/remotes/origin/master
> git for-each-ref --sort -committerdate --format %(refname) %(objectname)
> git remote --verbose
> git config --get commit.template
> git status -z -u
> git symbolic-ref --short HEAD
> git rev-parse master
> git rev-parse --symbolic-full-name master@{u}
> git rev-list --left-right master...refs/remotes/origin/master
> git for-each-ref --sort -committerdate --format %(refname) %(objectname)
> git remote --verbose
> git config --get commit.template
> git show --textconv :database/migrations/2014_10_12_000000_create_users_table.php
> git ls-files --stage -- /var/www/aviacao/database/migrations/2014_10_12_000000_create_users_table.php
> git cat-file -s 7e0c95c2f0c6751a573fce32913def6cdefbbfba
> git status -z -u
> git symbolic-ref --short HEAD
> git rev-parse master
> git rev-parse --symbolic-full-name master@{u}
> git rev-list --left-right master...refs/remotes/origin/master
> git for-each-ref --sort -committerdate --format %(refname) %(objectname)
> git remote --verbose
> git config --get commit.template
> git status -z -u
> git symbolic-ref --short HEAD
> git rev-parse master
> git rev-parse --symbolic-full-name master@{u}
> git rev-list --left-right master...refs/remotes/origin/master
> git for-each-ref --sort -committerdate --format %(refname) %(objectname)
> git remote --verbose
> git config --get commit.template
> git status -z -u
> git symbolic-ref --short HEAD
> git rev-parse master
> git rev-parse --symbolic-full-name master@{u}
> git rev-list --left-right master...refs/remotes/origin/master
> git for-each-ref --sort -committerdate --format %(refname) %(objectname)
> git remote --verbose
> git config --get commit.template
> git show --textconv :database/migrations/2020_09_23_184410_create_entidades_table.php
> git ls-files --stage -- /var/www/aviacao/database/migrations/2020_09_23_184410_create_entidades_table.php
> git cat-file -s d1527a9e15df54be0eb6e6cde1ff3f717c69148e
> git status -z -u
> git symbolic-ref --short HEAD
> git rev-parse master
> git rev-parse --symbolic-full-name master@{u}
> git rev-list --left-right master...refs/remotes/origin/master
> git for-each-ref --sort -committerdate --format %(refname) %(objectname)
> git remote --verbose
> git config --get commit.template
> git status -z -u
> git symbolic-ref --short HEAD
> git rev-parse master
> git rev-parse --symbolic-full-name master@{u}
> git rev-list --left-right master...refs/remotes/origin/master
> git for-each-ref --sort -committerdate --format %(refname) %(objectname)
> git remote --verbose
> git config --get commit.template
> git show --textconv :database/migrations/2020_10_07_154919_create_pessoas_table.php
> git ls-files --stage -- /var/www/aviacao/database/migrations/2020_10_07_154919_create_pessoas_table.php
> git cat-file -s c978bf8c72a015a80ed58f6c02c11518d66f0345
> git status -z -u
> git symbolic-ref --short HEAD
> git rev-parse master
> git rev-parse --symbolic-full-name master@{u}
> git rev-list --left-right master...refs/remotes/origin/master
> git for-each-ref --sort -committerdate --format %(refname) %(objectname)
> git remote --verbose
> git config --get commit.template
> git status -z -u
> git symbolic-ref --short HEAD
> git rev-parse master
> git rev-parse --symbolic-full-name master@{u}
> git rev-list --left-right master...refs/remotes/origin/master
> git for-each-ref --sort -committerdate --format %(refname) %(objectname)
> git remote --verbose
> git config --get commit.template
> git show --textconv :database/migrations/2020_09_23_184410_create_entidades_table.php
> git ls-files --stage -- /var/www/aviacao/database/migrations/2020_09_23_184410_create_entidades_table.php
> git cat-file -s d1527a9e15df54be0eb6e6cde1ff3f717c69148e
> git show --textconv :database/migrations/2020_10_07_154919_create_pessoas_table.php
> git ls-files --stage -- /var/www/aviacao/database/migrations/2020_10_07_154919_create_pessoas_table.php
> git cat-file -s c978bf8c72a015a80ed58f6c02c11518d66f0345
> git show --textconv :database/migrations/2014_10_12_000000_create_users_table.php
> git ls-files --stage -- /var/www/aviacao/database/migrations/2014_10_12_000000_create_users_table.php
> git cat-file -s 7e0c95c2f0c6751a573fce32913def6cdefbbfba
> git show --textconv :database/migrations/2020_10_07_154919_create_pessoas_table.php
> git ls-files --stage -- /var/www/aviacao/database/migrations/2020_10_07_154919_create_pessoas_table.php
> git cat-file -s c978bf8c72a015a80ed58f6c02c11518d66f0345
> git status -z -u
> git symbolic-ref --short HEAD
> git rev-parse master
> git rev-parse --symbolic-full-name master@{u}
> git rev-list --left-right master...refs/remotes/origin/master
> git for-each-ref --sort -committerdate --format %(refname) %(objectname)
> git remote --verbose
> git config --get commit.template
> git log --format=%H%n%aN%n%aE%n%at%n%ct%n%P%n%B -z -n21 -- /var/www/aviacao/database/migrations/2020_10_07_154919_create_pessoas_table.php
> git show --textconv :database/migrations/2020_10_28_145852_create_usuarios_table.php
> git ls-files --stage -- /var/www/aviacao/database/migrations/2020_10_28_145852_create_usuarios_table.php
> git cat-file -s 0bcdeb36ed4b25d427417e0179565b5c079c9dd5
> git status -z -u
> git symbolic-ref --short HEAD
> git rev-parse master
> git rev-parse --symbolic-full-name master@{u}
> git rev-list --left-right master...refs/remotes/origin/master
> git for-each-ref --sort -committerdate --format %(refname) %(objectname)
> git remote --verbose
> git config --get commit.template
> git show --textconv :database/migrations/2020_10_07_154919_create_pessoas_table.php
> git ls-files --stage -- /var/www/aviacao/database/migrations/2020_10_07_154919_create_pessoas_table.php
> git cat-file -s c978bf8c72a015a80ed58f6c02c11518d66f0345
> git show --textconv :database/migrations/2020_10_28_145852_create_usuarios_table.php
> git ls-files --stage -- /var/www/aviacao/database/migrations/2020_10_28_145852_create_usuarios_table.php
> git cat-file -s 0bcdeb36ed4b25d427417e0179565b5c079c9dd5
> git status -z -u
> git symbolic-ref --short HEAD
> git rev-parse master
> git rev-parse --symbolic-full-name master@{u}
> git rev-list --left-right master...refs/remotes/origin/master
> git for-each-ref --sort -committerdate --format %(refname) %(objectname)
> git remote --verbose
> git config --get commit.template
> git show --textconv :database/migrations/2020_09_23_184410_create_entidades_table.php
> git ls-files --stage -- /var/www/aviacao/database/migrations/2020_09_23_184410_create_entidades_table.php
> git cat-file -s d1527a9e15df54be0eb6e6cde1ff3f717c69148e
> git show --textconv :database/migrations/2020_10_28_145852_create_usuarios_table.php
> git ls-files --stage -- /var/www/aviacao/database/migrations/2020_10_28_145852_create_usuarios_table.php
> git cat-file -s 0bcdeb36ed4b25d427417e0179565b5c079c9dd5
> git status -z -u
> git symbolic-ref --short HEAD
> git rev-parse master
> git rev-parse --symbolic-full-name master@{u}
> git rev-list --left-right master...refs/remotes/origin/master
> git for-each-ref --sort -committerdate --format %(refname) %(objectname)
> git remote --verbose
> git config --get commit.template
> git show --textconv :database/migrations/2014_10_12_000000_create_users_table.php
> git ls-files --stage -- /var/www/aviacao/database/migrations/2014_10_12_000000_create_users_table.php
> git cat-file -s 7e0c95c2f0c6751a573fce32913def6cdefbbfba
> git status -z -u
> git symbolic-ref --short HEAD
> git rev-parse master
> git rev-parse --symbolic-full-name master@{u}
> git rev-list --left-right master...refs/remotes/origin/master
> git for-each-ref --sort -committerdate --format %(refname) %(objectname)
> git remote --verbose
> git config --get commit.template
> git status -z -u
> git symbolic-ref --short HEAD
> git rev-parse master
> git rev-parse --symbolic-full-name master@{u}
> git rev-list --left-right master...refs/remotes/origin/master
> git for-each-ref --sort -committerdate --format %(refname) %(objectname)
> git remote --verbose
> git config --get commit.template
> git show --textconv :database/migrations/2020_10_07_154919_create_pessoas_table.php
> git ls-files --stage -- /var/www/aviacao/database/migrations/2020_10_07_154919_create_pessoas_table.php
> git cat-file -s c978bf8c72a015a80ed58f6c02c11518d66f0345
> git show --textconv :database/migrations/2014_10_12_000000_create_users_table.php
> git ls-files --stage -- /var/www/aviacao/database/migrations/2014_10_12_000000_create_users_table.php
> git cat-file -s 7e0c95c2f0c6751a573fce32913def6cdefbbfba
> git status -z -u
> git symbolic-ref --short HEAD
> git rev-parse master
> git rev-parse --symbolic-full-name master@{u}
> git rev-list --left-right master...refs/remotes/origin/master
> git for-each-ref --sort -committerdate --format %(refname) %(objectname)
> git remote --verbose
> git config --get commit.template
> git status -z -u
> git symbolic-ref --short HEAD
> git rev-parse master
> git rev-parse --symbolic-full-name master@{u}
> git rev-list --left-right master...refs/remotes/origin/master
> git for-each-ref --sort -committerdate --format %(refname) %(objectname)
> git remote --verbose
> git config --get commit.template
> git show --textconv :database/migrations/2020_10_07_154919_create_pessoas_table.php
> git ls-files --stage -- /var/www/aviacao/database/migrations/2020_10_07_154919_create_pessoas_table.php
> git cat-file -s c978bf8c72a015a80ed58f6c02c11518d66f0345
> git show --textconv :database/migrations/2014_10_12_000000_create_users_table.php
> git ls-files --stage -- /var/www/aviacao/database/migrations/2014_10_12_000000_create_users_table.php
> git cat-file -s 7e0c95c2f0c6751a573fce32913def6cdefbbfba
> git show --textconv :database/migrations/2020_09_23_184410_create_entidades_table.php
> git ls-files --stage -- /var/www/aviacao/database/migrations/2020_09_23_184410_create_entidades_table.php
> git cat-file -s d1527a9e15df54be0eb6e6cde1ff3f717c69148e
> git show --textconv :database/migrations/2014_10_12_000000_create_users_table.php
> git ls-files --stage -- /var/www/aviacao/database/migrations/2014_10_12_000000_create_users_table.php
> git cat-file -s 7e0c95c2f0c6751a573fce32913def6cdefbbfba
> git show --textconv :database/migrations/2020_10_28_145852_create_usuarios_table.php
> git ls-files --stage -- /var/www/aviacao/database/migrations/2020_10_28_145852_create_usuarios_table.php
> git cat-file -s 0bcdeb36ed4b25d427417e0179565b5c079c9dd5
> git show --textconv :database/migrations/2014_10_12_000000_create_users_table.php
> git ls-files --stage -- /var/www/aviacao/database/migrations/2014_10_12_000000_create_users_table.php
> git cat-file -s 7e0c95c2f0c6751a573fce32913def6cdefbbfba
> git status -z -u
> git symbolic-ref --short HEAD
> git rev-parse master
> git rev-parse --symbolic-full-name master@{u}
> git rev-list --left-right master...refs/remotes/origin/master
> git for-each-ref --sort -committerdate --format %(refname) %(objectname)
> git remote --verbose
> git config --get commit.template
> git status -z -u
> git symbolic-ref --short HEAD
> git rev-parse master
> git rev-parse --symbolic-full-name master@{u}
> git rev-list --left-right master...refs/remotes/origin/master
> git for-each-ref --sort -committerdate --format %(refname) %(objectname)
> git remote --verbose
> git config --get commit.template
> git status -z -u
> git symbolic-ref --short HEAD
> git rev-parse master
> git rev-parse --symbolic-full-name master@{u}
> git rev-list --left-right master...refs/remotes/origin/master
> git for-each-ref --sort -committerdate --format %(refname) %(objectname)
> git remote --verbose
> git config --get commit.template
> git status -z -u
> git symbolic-ref --short HEAD
> git rev-parse master
> git rev-parse --symbolic-full-name master@{u}
> git rev-list --left-right master...refs/remotes/origin/master
> git for-each-ref --sort -committerdate --format %(refname) %(objectname)
> git remote --verbose
> git config --get commit.template
> git status -z -u
> git symbolic-ref --short HEAD
> git rev-parse master
> git rev-parse --symbolic-full-name master@{u}
> git rev-list --left-right master...refs/remotes/origin/master
> git for-each-ref --sort -committerdate --format %(refname) %(objectname)
> git remote --verbose
> git config --get commit.template
> git show --textconv :database/migrations/2020_10_07_154919_create_pessoas_table.php
> git ls-files --stage -- /var/www/aviacao/database/migrations/2020_10_07_154919_create_pessoas_table.php
> git cat-file -s c978bf8c72a015a80ed58f6c02c11518d66f0345
> git status -z -u
> git symbolic-ref --short HEAD
> git rev-parse master
> git rev-parse --symbolic-full-name master@{u}
> git rev-list --left-right master...refs/remotes/origin/master
> git for-each-ref --sort -committerdate --format %(refname) %(objectname)
> git remote --verbose
> git config --get commit.template
> git show --textconv :database/migrations/2014_10_12_000000_create_users_table.php
> git ls-files --stage -- /var/www/aviacao/database/migrations/2014_10_12_000000_create_users_table.php
> git cat-file -s 7e0c95c2f0c6751a573fce32913def6cdefbbfba
> git status -z -u
> git symbolic-ref --short HEAD
> git rev-parse master
> git rev-parse --symbolic-full-name master@{u}
> git rev-list --left-right master...refs/remotes/origin/master
> git for-each-ref --sort -committerdate --format %(refname) %(objectname)
> git remote --verbose
> git config --get commit.template
> git status -z -u
> git symbolic-ref --short HEAD
> git rev-parse master
> git rev-parse --symbolic-full-name master@{u}
> git rev-list --left-right master...refs/remotes/origin/master
> git for-each-ref --sort -committerdate --format %(refname) %(objectname)
> git remote --verbose
> git config --get commit.template
> git show --textconv :app/User.php
> git ls-files --stage -- /var/www/aviacao/app/User.php
> git cat-file -s 5765380eb012e4d9e9e551d3090ad2e483b18e56
> git status -z -u
> git symbolic-ref --short HEAD
> git rev-parse master
> git rev-parse --symbolic-full-name master@{u}
> git rev-list --left-right master...refs/remotes/origin/master
> git for-each-ref --sort -committerdate --format %(refname) %(objectname)
> git remote --verbose
> git config --get commit.template
> git status -z -u
> git symbolic-ref --short HEAD
> git rev-parse master
> git rev-parse --symbolic-full-name master@{u}
> git rev-list --left-right master...refs/remotes/origin/master
> git for-each-ref --sort -committerdate --format %(refname) %(objectname)
> git remote --verbose
> git config --get commit.template
> git status -z -u
> git symbolic-ref --short HEAD
> git rev-parse master
> git rev-parse --symbolic-full-name master@{u}
> git rev-list --left-right master...refs/remotes/origin/master
> git for-each-ref --sort -committerdate --format %(refname) %(objectname)
> git remote --verbose
> git config --get commit.template
> git status -z -u
> git symbolic-ref --short HEAD
> git rev-parse master
> git rev-parse --symbolic-full-name master@{u}
> git rev-list --left-right master...refs/remotes/origin/master
> git for-each-ref --sort -committerdate --format %(refname) %(objectname)
> git remote --verbose
> git config --get commit.template
> git status -z -u
> git symbolic-ref --short HEAD
> git rev-parse master
> git rev-parse --symbolic-full-name master@{u}
> git rev-list --left-right master...refs/remotes/origin/master
> git for-each-ref --sort -committerdate --format %(refname) %(objectname)
> git remote --verbose
> git config --get commit.template
> git show --textconv :database/migrations/2014_10_12_000000_create_users_table.php
> git ls-files --stage -- /var/www/aviacao/database/migrations/2014_10_12_000000_create_users_table.php
> git cat-file -s 7e0c95c2f0c6751a573fce32913def6cdefbbfba
> git show --textconv :database/migrations/2020_10_07_154919_create_pessoas_table.php
> git ls-files --stage -- /var/www/aviacao/database/migrations/2020_10_07_154919_create_pessoas_table.php
> git cat-file -s c978bf8c72a015a80ed58f6c02c11518d66f0345
> git status -z -u
> git symbolic-ref --short HEAD
> git rev-parse master
> git rev-parse --symbolic-full-name master@{u}
> git rev-list --left-right master...refs/remotes/origin/master
> git for-each-ref --sort -committerdate --format %(refname) %(objectname)
> git remote --verbose
> git config --get commit.template
> git show --textconv :database/migrations/2014_10_12_000000_create_users_table.php
> git ls-files --stage -- /var/www/aviacao/database/migrations/2014_10_12_000000_create_users_table.php
> git cat-file -s 7e0c95c2f0c6751a573fce32913def6cdefbbfba
> git status -z -u
> git symbolic-ref --short HEAD
> git rev-parse master
> git rev-parse --symbolic-full-name master@{u}
> git rev-list --left-right master...refs/remotes/origin/master
> git for-each-ref --sort -committerdate --format %(refname) %(objectname)
> git remote --verbose
> git config --get commit.template
> git status -z -u
> git symbolic-ref --short HEAD
> git rev-parse master
> git rev-parse --symbolic-full-name master@{u}
> git rev-list --left-right master...refs/remotes/origin/master
> git for-each-ref --sort -committerdate --format %(refname) %(objectname)
> git remote --verbose
> git config --get commit.template
> git status -z -u
> git symbolic-ref --short HEAD
> git rev-parse master
> git rev-parse --symbolic-full-name master@{u}
> git rev-list --left-right master...refs/remotes/origin/master
> git for-each-ref --sort -committerdate --format %(refname) %(objectname)
> git remote --verbose
> git config --get commit.template
> git status -z -u
> git symbolic-ref --short HEAD
> git rev-parse master
> git rev-parse --symbolic-full-name master@{u}
> git rev-list --left-right master...refs/remotes/origin/master
> git for-each-ref --sort -committerdate --format %(refname) %(objectname)
> git remote --verbose
> git config --get commit.template
> git status -z -u
> git symbolic-ref --short HEAD
> git rev-parse master
> git rev-parse --symbolic-full-name master@{u}
> git rev-list --left-right master...refs/remotes/origin/master
> git for-each-ref --sort -committerdate --format %(refname) %(objectname)
> git remote --verbose
> git config --get commit.template
> git status -z -u
> git symbolic-ref --short HEAD
> git rev-parse master
> git rev-parse --symbolic-full-name master@{u}
> git rev-list --left-right master...refs/remotes/origin/master
> git for-each-ref --sort -committerdate --format %(refname) %(objectname)
> git remote --verbose
> git config --get commit.template
> git show --textconv :database/migrations/2020_10_07_154919_create_pessoas_table.php
> git ls-files --stage -- /var/www/aviacao/database/migrations/2020_10_07_154919_create_pessoas_table.php
> git cat-file -s c978bf8c72a015a80ed58f6c02c11518d66f0345
> git status -z -u
> git symbolic-ref --short HEAD
> git rev-parse master
> git rev-parse --symbolic-full-name master@{u}
> git rev-list --left-right master...refs/remotes/origin/master
> git for-each-ref --sort -committerdate --format %(refname) %(objectname)
> git remote --verbose
> git config --get commit.template
> git show --textconv :app/User.php
> git ls-files --stage -- /var/www/aviacao/app/User.php
> git cat-file -s 5765380eb012e4d9e9e551d3090ad2e483b18e56
> git show --textconv :database/migrations/2020_09_23_184410_create_entidades_table.php
> git ls-files --stage -- /var/www/aviacao/database/migrations/2020_09_23_184410_create_entidades_table.php
> git cat-file -s d1527a9e15df54be0eb6e6cde1ff3f717c69148e
> git status -z -u
> git symbolic-ref --short HEAD
> git rev-parse master
> git rev-parse --symbolic-full-name master@{u}
> git rev-list --left-right master...refs/remotes/origin/master
> git for-each-ref --sort -committerdate --format %(refname) %(objectname)
> git remote --verbose
> git config --get commit.template
> git show --textconv :app/User.php
> git ls-files --stage -- /var/www/aviacao/app/User.php
> git cat-file -s 5765380eb012e4d9e9e551d3090ad2e483b18e56
> git status -z -u
> git symbolic-ref --short HEAD
> git rev-parse master
> git rev-parse --symbolic-full-name master@{u}
> git rev-list --left-right master...refs/remotes/origin/master
> git for-each-ref --sort -committerdate --format %(refname) %(objectname)
> git remote --verbose
> git config --get commit.template
> git log --format=%H%n%aN%n%aE%n%at%n%ct%n%P%n%B -z -n21 -- /var/www/aviacao/app/User.php
> git show --textconv :database/migrations/2014_10_12_000000_create_users_table.php
> git ls-files --stage -- /var/www/aviacao/database/migrations/2014_10_12_000000_create_users_table.php
> git cat-file -s 7e0c95c2f0c6751a573fce32913def6cdefbbfba
> git status -z -u
> git symbolic-ref --short HEAD
> git rev-parse master
> git rev-parse --symbolic-full-name master@{u}
> git rev-list --left-right master...refs/remotes/origin/master
> git for-each-ref --sort -committerdate --format %(refname) %(objectname)
> git remote --verbose
> git config --get commit.template
> git status -z -u
> git symbolic-ref --short HEAD
> git rev-parse master
> git rev-parse --symbolic-full-name master@{u}
> git rev-list --left-right master...refs/remotes/origin/master
> git for-each-ref --sort -committerdate --format %(refname) %(objectname)
> git remote --verbose
> git config --get commit.template
> git status -z -u
> git symbolic-ref --short HEAD
> git rev-parse master
> git rev-parse --symbolic-full-name master@{u}
> git rev-list --left-right master...refs/remotes/origin/master
> git for-each-ref --sort -committerdate --format %(refname) %(objectname)
> git remote --verbose
> git config --get commit.template
> git status -z -u
> git symbolic-ref --short HEAD
> git rev-parse master
> git rev-parse --symbolic-full-name master@{u}
> git rev-list --left-right master...refs/remotes/origin/master
> git for-each-ref --sort -committerdate --format %(refname) %(objectname)
> git remote --verbose
> git config --get commit.template
> git status -z -u
> git symbolic-ref --short HEAD
> git rev-parse master
> git rev-parse --symbolic-full-name master@{u}
> git rev-list --left-right master...refs/remotes/origin/master
> git for-each-ref --sort -committerdate --format %(refname) %(objectname)
> git remote --verbose
> git config --get commit.template
> git show --textconv :database/migrations/2020_10_28_145852_create_usuarios_table.php
> git ls-files --stage -- /var/www/aviacao/database/migrations/2020_10_28_145852_create_usuarios_table.php
> git cat-file -s 0bcdeb36ed4b25d427417e0179565b5c079c9dd5
> git status -z -u
> git symbolic-ref --short HEAD
> git rev-parse master
> git rev-parse --symbolic-full-name master@{u}
> git rev-list --left-right master...refs/remotes/origin/master
> git for-each-ref --sort -committerdate --format %(refname) %(objectname)
> git remote --verbose
> git config --get commit.template
> git status -z -u
> git symbolic-ref --short HEAD
> git rev-parse master
> git rev-parse --symbolic-full-name master@{u}
> git rev-list --left-right master...refs/remotes/origin/master
> git for-each-ref --sort -committerdate --format %(refname) %(objectname)
> git remote --verbose
> git config --get commit.template
> git show --textconv :database/migrations/2014_10_12_000000_create_users_table.php
> git ls-files --stage -- /var/www/aviacao/database/migrations/2014_10_12_000000_create_users_table.php
> git cat-file -s 7e0c95c2f0c6751a573fce32913def6cdefbbfba
> git show --textconv :database/migrations/2020_10_07_154919_create_pessoas_table.php
> git ls-files --stage -- /var/www/aviacao/database/migrations/2020_10_07_154919_create_pessoas_table.php
> git cat-file -s c978bf8c72a015a80ed58f6c02c11518d66f0345
> git status -z -u
> git symbolic-ref --short HEAD
> git rev-parse master
> git rev-parse --symbolic-full-name master@{u}
> git rev-list --left-right master...refs/remotes/origin/master
> git for-each-ref --sort -committerdate --format %(refname) %(objectname)
> git remote --verbose
> git config --get commit.template
> git status -z -u
> git symbolic-ref --short HEAD
> git rev-parse master
> git rev-parse --symbolic-full-name master@{u}
> git rev-list --left-right master...refs/remotes/origin/master
> git for-each-ref --sort -committerdate --format %(refname) %(objectname)
> git remote --verbose
> git config --get commit.template
> git status -z -u
> git symbolic-ref --short HEAD
> git rev-parse master
> git rev-parse --symbolic-full-name master@{u}
> git rev-list --left-right master...refs/remotes/origin/master
> git for-each-ref --sort -committerdate --format %(refname) %(objectname)
> git remote --verbose
> git config --get commit.template
> git status -z -u
> git symbolic-ref --short HEAD
> git rev-parse master
> git rev-parse --symbolic-full-name master@{u}
> git rev-list --left-right master...refs/remotes/origin/master
> git for-each-ref --sort -committerdate --format %(refname) %(objectname)
> git remote --verbose
> git config --get commit.template
> git status -z -u
> git symbolic-ref --short HEAD
> git rev-parse master
> git rev-parse --symbolic-full-name master@{u}
> git rev-list --left-right master...refs/remotes/origin/master
> git for-each-ref --sort -committerdate --format %(refname) %(objectname)
> git remote --verbose
> git config --get commit.template
> git show --textconv :database/migrations/2014_10_12_000000_create_users_table.php
> git ls-files --stage -- /var/www/aviacao/database/migrations/2014_10_12_000000_create_users_table.php
> git cat-file -s 7e0c95c2f0c6751a573fce32913def6cdefbbfba
> git status -z -u
> git symbolic-ref --short HEAD
> git rev-parse master
> git rev-parse --symbolic-full-name master@{u}
> git rev-list --left-right master...refs/remotes/origin/master
> git for-each-ref --sort -committerdate --format %(refname) %(objectname)
> git remote --verbose
> git config --get commit.template
> git status -z -u
> git symbolic-ref --short HEAD
> git rev-parse master
> git rev-parse --symbolic-full-name master@{u}
> git rev-list --left-right master...refs/remotes/origin/master
> git for-each-ref --sort -committerdate --format %(refname) %(objectname)
> git remote --verbose
> git config --get commit.template
> git status -z -u
> git symbolic-ref --short HEAD
> git rev-parse master
> git rev-parse --symbolic-full-name master@{u}
> git rev-list --left-right master...refs/remotes/origin/master
> git for-each-ref --sort -committerdate --format %(refname) %(objectname)
> git remote --verbose
> git config --get commit.template
> git status -z -u
> git symbolic-ref --short HEAD
> git rev-parse master
> git rev-parse --symbolic-full-name master@{u}
> git rev-list --left-right master...refs/remotes/origin/master
> git for-each-ref --sort -committerdate --format %(refname) %(objectname)
> git remote --verbose
> git config --get commit.template
> git status -z -u
> git symbolic-ref --short HEAD
> git rev-parse master
> git rev-parse --symbolic-full-name master@{u}
> git rev-list --left-right master...refs/remotes/origin/master
> git for-each-ref --sort -committerdate --format %(refname) %(objectname)
> git remote --verbose
> git config --get commit.template
> git show --textconv :database/migrations/2020_10_07_154919_create_pessoas_table.php
> git ls-files --stage -- /var/www/aviacao/database/migrations/2020_10_07_154919_create_pessoas_table.php
> git cat-file -s c978bf8c72a015a80ed58f6c02c11518d66f0345
> git status -z -u
> git symbolic-ref --short HEAD
> git rev-parse master
> git rev-parse --symbolic-full-name master@{u}
> git rev-list --left-right master...refs/remotes/origin/master
> git for-each-ref --sort -committerdate --format %(refname) %(objectname)
> git remote --verbose
> git config --get commit.template
> git show --textconv :app/User.php
> git ls-files --stage -- /var/www/aviacao/app/User.php
> git cat-file -s 5765380eb012e4d9e9e551d3090ad2e483b18e56
